This is XeTeX, Version 3.14159265-2.6-0.99998 (TeX Live 2017) (preloaded format=xelatex 2018.2.7)  17 MAR 2019 15:19
entering extended mode
 restricted \write18 enabled.
 %&-line parsing enabled.
**content.tex
(./content.tex
LaTeX2e <2017-04-15>
Babel <3.17> and hyphenation patterns for 84 language(s) loaded.
! Undefined control sequence.
<argument> \undefinedpagestyle 
                               
l.7 \thispagestyle{fancy}
                         
The control sequence at the end of the top line
of your error message was never \def'ed. If you have
misspelled it (e.g., `\hobx'), type `I' and the correct
spelling (e.g., `I\hbox'). Otherwise just continue,
and I'll forget about whatever was undefined.


! LaTeX Error: No counter 'section' defined.

See the LaTeX manual or LaTeX Companion for explanation.
Type  H <return>  for immediate help.
 ...                                              
                                                  
l.9 \setcounter{section}{-1}
                            
Your command was ignored.
Type  I <command> <return>  to replace it with another command,
or  <return>  to continue without it.

! Undefined control sequence.
l.10 ^^I\maketitle
                  
The control sequence at the end of the top line
of your error message was never \def'ed. If you have
misspelled it (e.g., `\hobx'), type `I' and the correct
spelling (e.g., `I\hbox'). Otherwise just continue,
and I'll forget about whatever was undefined.

! Undefined control sequence.
l.11 \rhead
           {W1 手寫功課}
The control sequence at the end of the top line
of your error message was never \def'ed. If you have
misspelled it (e.g., `\hobx'), type `I' and the correct
spelling (e.g., `I\hbox'). Otherwise just continue,
and I'll forget about whatever was undefined.


! LaTeX Error: Missing \begin{document}.

See the LaTeX manual or LaTeX Companion for explanation.
Type  H <return>  for immediate help.
 ...                                              
                                                  
l.11 \rhead{W
             1 手寫功課}
You're in trouble here.  Try typing  <return>  to proceed.
If that doesn't work, type  X <return>  to quit.

Missing character: There is no W in font nullfont!
Missing character: There is no 1 in font nullfont!
Missing character: There is no 手 in font nullfont!
Missing character: There is no 寫 in font nullfont!
Missing character: There is no 功 in font nullfont!
Missing character: There is no 課 in font nullfont!
! Undefined control sequence.
l.12 \lfoot
           {劉至軒}
The control sequence at the end of the top line
of your error message was never \def'ed. If you have
misspelled it (e.g., `\hobx'), type `I' and the correct
spelling (e.g., `I\hbox'). Otherwise just continue,
and I'll forget about whatever was undefined.

Missing character: There is no 劉 in font nullfont!
Missing character: There is no 至 in font nullfont!
Missing character: There is no 軒 in font nullfont!
! Undefined control sequence.
l.13 \pr
        {
The control sequence at the end of the top line
of your error message was never \def'ed. If you have
misspelled it (e.g., `\hobx'), type `I' and the correct
spelling (e.g., `I\hbox'). Otherwise just continue,
and I'll forget about whatever was undefined.


Overfull \hbox (24.0pt too wide) in paragraph at lines 11--15
[]
 []

LaTeX Font Info:    External font `cmex10' loaded for size
(Font)              <7> on input line 17.
LaTeX Font Info:    External font `cmex10' loaded for size
(Font)              <5> on input line 17.

Overfull \hbox (134.36533pt too wide) detected at line 17
[] [] \OT1/cmr/m/n/10 = [] [] = 3
 []


Overfull \hbox (134.85378pt too wide) detected at line 19
[] [] \OT1/cmr/m/n/10 = [] [] = 0
 []

! Undefined control sequence.
l.21 ^^I$$f(n) \in O(2^n) \implies
                                   \exists \varepsilon, | f(n) | \leq \varep...
The control sequence at the end of the top line
of your error message was never \def'ed. If you have
misspelled it (e.g., `\hobx'), type `I' and the correct
spelling (e.g., `I\hbox'). Otherwise just continue,
and I'll forget about whatever was undefined.


Overfull \hbox (173.3693pt too wide) detected at line 21
\OML/cmm/m/it/10 f\OT1/cmr/m/n/10 (\OML/cmm/m/it/10 n\OT1/cmr/m/n/10 ) \OMS/cms
y/m/n/10 2 \OML/cmm/m/it/10 O\OT1/cmr/m/n/10 (2[])\OMS/cmsy/m/n/10 9\OML/cmm/m/
it/10 "; \OMS/cmsy/m/n/10 j\OML/cmm/m/it/10 f\OT1/cmr/m/n/10 (\OML/cmm/m/it/10 
n\OT1/cmr/m/n/10 )\OMS/cmsy/m/n/10 j ^^T \OML/cmm/m/it/10 " \OMS/cmsy/m/n/10 ^^
A \OT1/cmr/m/n/10 2[] = [] \OMS/cmsy/m/n/10 ^^A \OT1/cmr/m/n/10 2[]
 []

Missing character: There is no ， in font nullfont!
Missing character: There is no 所 in font nullfont!
Missing character: There is no 以 in font nullfont!
Missing character: There is no 只 in font nullfont!
Missing character: There is no 要 in font nullfont!
Missing character: There is no 選 in font nullfont!
Missing character: There is no 即 in font nullfont!
Missing character: There is no 可 in font nullfont!
Missing character: There is no 以 in font nullfont!
Missing character: There is no 符 in font nullfont!
Missing character: There is no 合 in font nullfont!
Missing character: There is no 定 in font nullfont!
Missing character: There is no 義 in font nullfont!
Missing character: There is no 。 in font nullfont!

Overfull \hbox (18.02425pt too wide) in paragraph at lines 21--22
$\OML/cmm/m/it/10 "[] \OT1/cmr/m/n/10 =
 []


Overfull \hbox (4.66318pt too wide) in paragraph at lines 21--22
\OML/cmm/m/it/10 "$ 
 []

Missing character: There is no 反 in font nullfont!
Missing character: There is no 方 in font nullfont!
Missing character: There is no 向 in font nullfont!
Missing character: There is no ： in font nullfont!
Missing character: There is no 若 in font nullfont!
! Undefined control sequence.
l.24 ^^I$$f(n) \in O(2^n) \implies
                                   \exists \varepsilon, | f(n) | \leq \varep...
The control sequence at the end of the top line
of your error message was never \def'ed. If you have
misspelled it (e.g., `\hobx'), type `I' and the correct
spelling (e.g., `I\hbox'). Otherwise just continue,
and I'll forget about whatever was undefined.


Overfull \hbox (173.3693pt too wide) detected at line 24
\OML/cmm/m/it/10 f\OT1/cmr/m/n/10 (\OML/cmm/m/it/10 n\OT1/cmr/m/n/10 ) \OMS/cms
y/m/n/10 2 \OML/cmm/m/it/10 O\OT1/cmr/m/n/10 (2[])\OMS/cmsy/m/n/10 9\OML/cmm/m/
it/10 "; \OMS/cmsy/m/n/10 j\OML/cmm/m/it/10 f\OT1/cmr/m/n/10 (\OML/cmm/m/it/10 
n\OT1/cmr/m/n/10 )\OMS/cmsy/m/n/10 j ^^T \OML/cmm/m/it/10 " \OMS/cmsy/m/n/10 ^^
A \OT1/cmr/m/n/10 2[] = [] \OMS/cmsy/m/n/10 ^^A \OT1/cmr/m/n/10 2[]
 []

)
! Emergency stop.
<*> content.tex
               
*** (job aborted, no legal \end found)

 
Here is how much of TeX's memory you used:
 10 strings out of 493005
 103 string characters out of 6134588
 63812 words of memory out of 5000000
 4083 multiletter control sequences out of 15000+600000
 3640 words of font info for 14 fonts, out of 8000000 for 9000
 1348 hyphenation exceptions out of 8191
 17i,2n,12p,191b,120s stack positions out of 5000i,500n,10000p,200000b,80000s
No pages of output.
