This is XeTeX, Version 3.14159265-2.6-0.99998 (TeX Live 2017) (preloaded format=xelatex 2018.2.7)  13 APR 2019 01:12
entering extended mode
 restricted \write18 enabled.
 %&-line parsing enabled.
**content.tex
(./content.tex
LaTeX2e <2017-04-15>
Babel <3.17> and hyphenation patterns for 84 language(s) loaded.
! Undefined control sequence.
<argument> \undefinedpagestyle 
                               
l.7 \thispagestyle{fancy}
                         
The control sequence at the end of the top line
of your error message was never \def'ed. If you have
misspelled it (e.g., `\hobx'), type `I' and the correct
spelling (e.g., `I\hbox'). Otherwise just continue,
and I'll forget about whatever was undefined.


! LaTeX Error: No counter 'section' defined.

See the LaTeX manual or LaTeX Companion for explanation.
Type  H <return>  for immediate help.
 ...                                              
                                                  
l.9 \setcounter{section}{-1}
                            
Your command was ignored.
Type  I <command> <return>  to replace it with another command,
or  <return>  to continue without it.

! Undefined control sequence.
l.10 ^^I\maketitle
                  
The control sequence at the end of the top line
of your error message was never \def'ed. If you have
misspelled it (e.g., `\hobx'), type `I' and the correct
spelling (e.g., `I\hbox'). Otherwise just continue,
and I'll forget about whatever was undefined.

! Undefined control sequence.
l.11 \rhead
           {W4 æ‰‹å¯«åŠŸèª²}
The control sequence at the end of the top line
of your error message was never \def'ed. If you have
misspelled it (e.g., `\hobx'), type `I' and the correct
spelling (e.g., `I\hbox'). Otherwise just continue,
and I'll forget about whatever was undefined.


! LaTeX Error: Missing \begin{document}.

See the LaTeX manual or LaTeX Companion for explanation.
Type  H <return>  for immediate help.
 ...                                              
                                                  
l.11 \rhead{W
             4 æ‰‹å¯«åŠŸèª²}
You're in trouble here.  Try typing  <return>  to proceed.
If that doesn't work, type  X <return>  to quit.

Missing character: There is no W in font nullfont!
Missing character: There is no 4 in font nullfont!
Missing character: There is no æ‰‹ in font nullfont!
Missing character: There is no å¯« in font nullfont!
Missing character: There is no åŠŸ in font nullfont!
Missing character: There is no èª² in font nullfont!
! Undefined control sequence.
l.12 \lfoot
           {åŠ‰è‡³è»’}
The control sequence at the end of the top line
of your error message was never \def'ed. If you have
misspelled it (e.g., `\hobx'), type `I' and the correct
spelling (e.g., `I\hbox'). Otherwise just continue,
and I'll forget about whatever was undefined.

Missing character: There is no åŠ‰ in font nullfont!
Missing character: There is no è‡³ in font nullfont!
Missing character: There is no è»’ in font nullfont!
! Undefined control sequence.
l.13 \pr
        {
The control sequence at the end of the top line
of your error message was never \def'ed. If you have
misspelled it (e.g., `\hobx'), type `I' and the correct
spelling (e.g., `I\hbox'). Otherwise just continue,
and I'll forget about whatever was undefined.


Overfull \hbox (24.0pt too wide) in paragraph at lines 11--15
[]
 []

Missing character: There is no å‡ in font nullfont!
Missing character: There is no è¨­ in font nullfont!
Missing character: There is no æœ‰ in font nullfont!
Missing character: There is no ä¸€ in font nullfont!
Missing character: There is no å€‹ in font nullfont!
Missing character: There is no è§£ in font nullfont!
Missing character: There is no æ˜¯ in font nullfont!
LaTeX Font Info:    External font `cmex10' loaded for size
(Font)              <7> on input line 17.
LaTeX Font Info:    External font `cmex10' loaded for size
(Font)              <5> on input line 17.
Missing character: There is no ï¼Œ in font nullfont!
Missing character: There is no ä½† in font nullfont!
Missing character: There is no æ˜¯ in font nullfont!
Missing character: There is no ä¸ in font nullfont!
Missing character: There is no æ˜¯ in font nullfont!
Missing character: There is no æœ€ in font nullfont!
Missing character: There is no ä½³ in font nullfont!
Missing character: There is no è§£ in font nullfont!
Missing character: There is no ï¼ˆ in font nullfont!
Missing character: There is no ä¸ in font nullfont!
Missing character: There is no æ˜¯ in font nullfont!
Missing character: There is no æ¯ in font nullfont!
Missing character: There is no æ¬¡ in font nullfont!
Missing character: There is no éƒ½ in font nullfont!
Missing character: There is no é¸ in font nullfont!
Missing character: There is no æœ€ in font nullfont!
Missing character: There is no å¤§ in font nullfont!
Missing character: There is no å¯ in font nullfont!
Missing character: There is no ä»¥ in font nullfont!
Missing character: There is no æ‹¿ in font nullfont!
Missing character: There is no çš„ in font nullfont!
Missing character: There is no ï¼‰ in font nullfont!
Missing character: There is no ï¼Œ in font nullfont!
Missing character: There is no ç¾ in font nullfont!
Missing character: There is no åœ¨ in font nullfont!
Missing character: There is no æˆ‘ in font nullfont!
Missing character: There is no å€‘ in font nullfont!
Missing character: There is no è¦ in font nullfont!
Missing character: There is no è­‰ in font nullfont!
Missing character: There is no æ˜ in font nullfont!
Missing character: There is no é€™ in font nullfont!
Missing character: There is no å€‹ in font nullfont!
Missing character: There is no æ‹¿ in font nullfont!
Missing character: There is no çš„ in font nullfont!
Missing character: There is no æ•¸ in font nullfont!
Missing character: There is no é‡ in font nullfont!
Missing character: There is no ä¸€ in font nullfont!
Missing character: There is no å®š in font nullfont!
Missing character: There is no æ¯” in font nullfont!
Missing character: There is no æœ€ in font nullfont!
Missing character: There is no ä½³ in font nullfont!
Missing character: There is no è§£ in font nullfont!
Missing character: There is no æ‹¿ in font nullfont!
Missing character: There is no çš„ in font nullfont!
Missing character: There is no æ•¸ in font nullfont!
Missing character: There is no é‡ in font nullfont!
Missing character: There is no å¤š in font nullfont!
Missing character: There is no ã€‚ in font nullfont!
Missing character: There is no å‡ in font nullfont!
Missing character: There is no è¨­ in font nullfont!
Missing character: There is no å° in font nullfont!
Missing character: There is no æ–¼ in font nullfont!
Missing character: There is no å…¶ in font nullfont!
Missing character: There is no ä¸­ in font nullfont!
Missing character: There is no ä¸€ in font nullfont!
Missing character: There is no æ­¥ in font nullfont!
Missing character: There is no æ²’ in font nullfont!
Missing character: There is no æœ‰ in font nullfont!
Missing character: There is no å– in font nullfont!
Missing character: There is no æœ€ in font nullfont!
Missing character: There is no å¤§ in font nullfont!
Missing character: There is no å€¼ in font nullfont!
Missing character: There is no ï¼ˆ in font nullfont!
Missing character: There is no ä¸ in font nullfont!
Missing character: There is no å¦¨ in font nullfont!
Missing character: There is no è¨­ in font nullfont!
Missing character: There is no ç‚º in font nullfont!
Missing character: There is no ç¬¬ in font nullfont!
Missing character: There is no ä¸€ in font nullfont!
Missing character: There is no æ­¥ in font nullfont!
Missing character: There is no ï¼‰ in font nullfont!
Missing character: There is no ï¼Œ in font nullfont!
Missing character: There is no é‚£ in font nullfont!
Missing character: There is no å…¶ in font nullfont!
Missing character: There is no ä¸­ in font nullfont!
Missing character: There is no ä¸€ in font nullfont!
Missing character: There is no å®š in font nullfont!
Missing character: There is no æœ‰ in font nullfont!
Missing character: There is no ä¸€ in font nullfont!
Missing character: There is no å † in font nullfont!
Missing character: There is no å¯ in font nullfont!
Missing character: There is no ä»¥ in font nullfont!
Missing character: There is no åŒ– in font nullfont!
Missing character: There is no æˆ in font nullfont!
Missing character: There is no ä¸€ in font nullfont!
Missing character: There is no å€‹ in font nullfont!
Missing character: There is no æ›´ in font nullfont!
Missing character: There is no å¤§ in font nullfont!
Missing character: There is no çš„ in font nullfont!
Missing character: There is no å¹£ in font nullfont!
Missing character: There is no å€¼ in font nullfont!
Missing character: There is no çš„ in font nullfont!
Missing character: There is no ï¼Œ in font nullfont!
Missing character: There is no ä¹Ÿ in font nullfont!
Missing character: There is no å°± in font nullfont!
Missing character: There is no æ˜¯ in font nullfont!
Missing character: There is no å¯ in font nullfont!
Missing character: There is no ä»¥ in font nullfont!
Missing character: There is no æ¸› in font nullfont!
Missing character: There is no å°‘ in font nullfont!
Missing character: There is no éŒ¢ in font nullfont!
Missing character: There is no å¹£ in font nullfont!
Missing character: There is no æ•¸ in font nullfont!
Missing character: There is no ï¼š in font nullfont!
Missing character: There is no è¦ in font nullfont!
Missing character: There is no è­‰ in font nullfont!
Missing character: There is no æ˜ in font nullfont!
Missing character: There is no çš„ in font nullfont!
Missing character: There is no æ˜¯ in font nullfont!
Missing character: There is no ï¼š in font nullfont!
Missing character: There is no å¦‚ in font nullfont!
Missing character: There is no æœ in font nullfont!
Missing character: There is no æœ‰ in font nullfont!
Missing character: There is no è¨± in font nullfont!
Missing character: There is no å¤š in font nullfont!
Missing character: There is no çš„ in font nullfont!
Missing character: There is no å° in font nullfont!
Missing character: There is no éŒ¢ in font nullfont!
Missing character: There is no å¹£ in font nullfont!
Missing character: There is no ï¼Œ in font nullfont!
Missing character: There is no å…¶ in font nullfont!
Missing character: There is no åŠ  in font nullfont!
Missing character: There is no èµ· in font nullfont!
Missing character: There is no ä¾† in font nullfont!
Missing character: There is no è¶… in font nullfont!
Missing character: There is no é in font nullfont!
Missing character: There is no ï¼Œ in font nullfont!
Missing character: There is no å‰‡ in font nullfont!
Missing character: There is no ä¸€ in font nullfont!
Missing character: There is no å®š in font nullfont!
Missing character: There is no å¯ in font nullfont!
Missing character: There is no ä»¥ in font nullfont!
Missing character: There is no æŒ‘ in font nullfont!
Missing character: There is no é¸ in font nullfont!
Missing character: There is no å…¶ in font nullfont!
Missing character: There is no ä¸­ in font nullfont!
Missing character: There is no ä¸€ in font nullfont!
Missing character: There is no äº› in font nullfont!
Missing character: There is no å€‹ in font nullfont!
Missing character: There is no ï¼Œ in font nullfont!
Missing character: There is no åŠ  in font nullfont!
Missing character: There is no èµ· in font nullfont!
Missing character: There is no ä¾† in font nullfont!
Missing character: There is no ç­‰ in font nullfont!
Missing character: There is no æ–¼ in font nullfont!
Missing character: There is no ï¼Œ in font nullfont!
Missing character: There is no å°± in font nullfont!
Missing character: There is no å¯ in font nullfont!
Missing character: There is no ä»¥ in font nullfont!
Missing character: There is no æ¶ˆ in font nullfont!
Missing character: There is no æ‰ in font nullfont!
Missing character: There is no ã€‚ in font nullfont!

Overfull \hbox (149.93155pt too wide) in paragraph at lines 17--18
\OML/cmm/m/it/10 a[]; a[]; a[]; [] a[]$$x[]; x[]; x[]; [] x[]$$c[]$$c[]$ 
 []

Missing character: There is no è­‰ in font [lmroman10-bold]:mapping=tex-text;!
Missing character: There is no æ˜ in font [lmroman10-bold]:mapping=tex-text;!
Missing character: There is no ï¼š in font [lmroman10-bold]:mapping=tex-text;!

Overfull \hbox (8.4pt too wide) in paragraph at lines 19--20
[]\TU/lmr/bx/n/10 è­‰æ˜ï¼š 
 []

Missing character: There is no ç”¨ in font nullfont!
Missing character: There is no æ•¸ in font nullfont!
Missing character: There is no å­¸ in font nullfont!
Missing character: There is no æ­¸ in font nullfont!
Missing character: There is no ç´ in font nullfont!
Missing character: There is no æ³• in font nullfont!
Missing character: There is no ï¼š in font nullfont!
Missing character: There is no å‡ in font nullfont!
Missing character: There is no è¨­ in font nullfont!
Missing character: There is no ä¸€ in font nullfont!
Missing character: There is no å€‹ in font nullfont!
Missing character: There is no ç”± in font nullfont!
Missing character: There is no çš„ in font nullfont!
Missing character: There is no éŒ¢ in font nullfont!
Missing character: There is no å¹£ in font nullfont!
Missing character: There is no çš„ in font nullfont!
Missing character: There is no å’Œ in font nullfont!
Missing character: There is no å¤§ in font nullfont!
Missing character: There is no æ–¼ in font nullfont!
Missing character: There is no æˆ– in font nullfont!
Missing character: There is no ç­‰ in font nullfont!
Missing character: There is no æ–¼ in font nullfont!
Missing character: There is no ï¼Œ in font nullfont!
Missing character: There is no å‰‡ in font nullfont!
Missing character: There is no ç­” in font nullfont!
Missing character: There is no æ¡ˆ in font nullfont!
Missing character: There is no é¡¯ in font nullfont!
Missing character: There is no ç„¶ in font nullfont!
Missing character: There is no ï¼š in font nullfont!
Missing character: There is no é¸ in font nullfont!
Missing character: There is no å€‹ in font nullfont!
Missing character: There is no ä¸ in font nullfont!
Missing character: There is no å°± in font nullfont!
Missing character: There is no å¾— in font nullfont!
Missing character: There is no äº† in font nullfont!
Missing character: There is no ï¼ in font nullfont!
Missing character: There is no é‚£ in font nullfont!
Missing character: There is no å‡ in font nullfont!
Missing character: There is no è¨­ in font nullfont!
Missing character: There is no ä¸€ in font nullfont!
Missing character: There is no å † in font nullfont!
Missing character: There is no æ¯” in font nullfont!
Missing character: There is no å° in font nullfont!
Missing character: There is no çš„ in font nullfont!
Missing character: There is no éŒ¢ in font nullfont!
Missing character: There is no å¹£ in font nullfont!
Missing character: There is no åŠ  in font nullfont!
Missing character: There is no èµ· in font nullfont!
Missing character: There is no ä¾† in font nullfont!
Missing character: There is no è¶… in font nullfont!
Missing character: There is no é in font nullfont!
Missing character: There is no ï¼Œ in font nullfont!
Missing character: There is no ä¸” in font nullfont!
Missing character: There is no ä¸€ in font nullfont!
Missing character: There is no å®š in font nullfont!
Missing character: There is no å¯ in font nullfont!
Missing character: There is no ä»¥ in font nullfont!
Missing character: There is no é¸ in font nullfont!
Missing character: There is no æ“‡ in font nullfont!
Missing character: There is no é‚£ in font nullfont!
Missing character: There is no äº› in font nullfont!
Missing character: There is no éŒ¢ in font nullfont!
Missing character: There is no å¹£ in font nullfont!
Missing character: There is no ä½¿ in font nullfont!
Missing character: There is no å¾— in font nullfont!
Missing character: There is no å’Œ in font nullfont!
Missing character: There is no ç­‰ in font nullfont!
Missing character: There is no æ–¼ in font nullfont!
Missing character: There is no ã€‚ in font nullfont!
Missing character: There is no é‚£ in font nullfont!
Missing character: There is no çœ‹ in font nullfont!
Missing character: There is no ï¼š in font nullfont!
Missing character: There is no å®ƒ in font nullfont!
Missing character: There is no æœ‰ in font nullfont!
Missing character: There is no å…© in font nullfont!
Missing character: There is no ç¨® in font nullfont!
Missing character: There is no å¯ in font nullfont!
Missing character: There is no èƒ½ in font nullfont!
Missing character: There is no ï¼š in font nullfont!
Missing character: There is no å›  in font nullfont!
Missing character: There is no ç‚º in font nullfont!
Missing character: There is no ï¼Œ in font nullfont!
Missing character: There is no æ‰€ in font nullfont!
Missing character: There is no ä»¥ in font nullfont!
Missing character: There is no å¯ in font nullfont!
Missing character: There is no èƒ½ in font nullfont!
Missing character: There is no å…¨ in font nullfont!
Missing character: There is no éƒ¨ in font nullfont!
Missing character: There is no ç”± in font nullfont!
Missing character: There is no çµ„ in font nullfont!
Missing character: There is no æˆ in font nullfont!
Missing character: There is no ï¼Œ in font nullfont!
Missing character: There is no ä¹Ÿ in font nullfont!
Missing character: There is no å¯ in font nullfont!
Missing character: There is no èƒ½ in font nullfont!
Missing character: There is no ä¸ in font nullfont!
Missing character: There is no æ˜¯ in font nullfont!
Missing character: There is no ã€‚ in font nullfont!
Missing character: There is no åˆ† in font nullfont!
Missing character: There is no é€™ in font nullfont!
Missing character: There is no å…© in font nullfont!
Missing character: There is no å€‹ in font nullfont!
Missing character: There is no c in font nullfont!
Missing character: There is no a in font nullfont!
Missing character: There is no s in font nullfont!
Missing character: There is no e in font nullfont!
Missing character: There is no è¨ in font nullfont!
Missing character: There is no è«– in font nullfont!
Missing character: There is no ï¼š in font nullfont!

Overfull \hbox (19.3692pt too wide) in paragraph at lines 21--22
[]$\OML/cmm/m/it/10 c[] \OT1/cmr/m/n/10 =
 []


Overfull \hbox (99.25319pt too wide) in paragraph at lines 21--22
\OT1/cmr/m/n/10 1$$\OML/cmm/m/it/10 c[]$$c[]$$c[]$$c[]$$c[]$$c[]$$c[]\OMS/cmsy/
m/n/10 j\OML/cmm/m/it/10 c[]$$c[]$ 
 []

Missing character: There is no å…¨ in font nullfont!
Missing character: There is no éƒ¨ in font nullfont!
Missing character: There is no ç”± in font nullfont!
Missing character: There is no çµ„ in font nullfont!
Missing character: There is no æˆ in font nullfont!
Missing character: There is no ï¼Œ in font nullfont!
Missing character: There is no å‰‡ in font nullfont!
Missing character: There is no é¡¯ in font nullfont!
Missing character: There is no ç„¶ in font nullfont!
Missing character: There is no å¯ in font nullfont!
Missing character: There is no ä»¥ in font nullfont!
Missing character: There is no ï¼š in font nullfont!
Missing character: There is no é¸ in font nullfont!
Missing character: There is no å€‹ in font nullfont!
Missing character: There is no å°± in font nullfont!
Missing character: There is no å¥½ in font nullfont!
Missing character: There is no äº† in font nullfont!
Missing character: There is no ï¼ in font nullfont!

Overfull \hbox (25.34024pt too wide) in paragraph at lines 23--24
\OML/cmm/m/it/10 c[]$$[]$ 
 []

Missing character: There is no å‡ in font nullfont!
Missing character: There is no è¨­ in font nullfont!
Missing character: There is no ç”± in font nullfont!
Missing character: There is no ï¼ˆ in font nullfont!
Missing character: There is no ï¼‰ in font nullfont!
Missing character: There is no å€‹ in font nullfont!
Missing character: There is no å’Œ in font nullfont!
Missing character: There is no å…¶ in font nullfont!
Missing character: There is no ä»– in font nullfont!
Missing character: There is no çš„ in font nullfont!
Missing character: There is no ï¼Œ in font nullfont!
Missing character: There is no æ¯” in font nullfont!
Missing character: There is no å° in font nullfont!
Missing character: There is no çš„ in font nullfont!
Missing character: There is no éŒ¢ in font nullfont!
Missing character: There is no å¹£ in font nullfont!
Missing character: There is no ï¼Œ in font nullfont!
Missing character: There is no ä»¤ in font nullfont!
Missing character: There is no å…¶ in font nullfont!
Missing character: There is no å’Œ in font nullfont!
Missing character: There is no ç‚º in font nullfont!
Missing character: There is no ã€‚ in font nullfont!
Missing character: There is no å›  in font nullfont!
Missing character: There is no ç‚º in font nullfont!
Missing character: There is no ä¸” in font nullfont!
Missing character: There is no æ‰€ in font nullfont!
Missing character: There is no ä»¥ in font nullfont!

Overfull \hbox (21.98605pt too wide) in paragraph at lines 24--25
\OML/cmm/m/it/10 x$$x \OMS/cmsy/m/n/10 ^^T
 []


Overfull \hbox (25.4612pt too wide) in paragraph at lines 24--25
[] \OMS/cmsy/m/n/10 ^^@
 []


Overfull \hbox (5.00002pt too wide) in paragraph at lines 24--25
\OT1/cmr/m/n/10 1$
 []


Overfull \hbox (64.72464pt too wide) in paragraph at lines 24--25
\OML/cmm/m/it/10 c[]$$c[]$$S$$c[]\OMS/cmsy/m/n/10 j\OML/cmm/m/it/10 c[]$$S \OT1
/cmr/m/n/10 +
 []


Overfull \hbox (8.49306pt too wide) in paragraph at lines 24--25
\OML/cmm/m/it/10 x \OMS/cmsy/m/n/10 ^^A
 []


Overfull \hbox (18.21236pt too wide) in paragraph at lines 24--25
\OML/cmm/m/it/10 c[] \OT1/cmr/m/n/10 =
 []


Overfull \hbox (17.78189pt too wide) in paragraph at lines 24--25
\OML/cmm/m/it/10 c[]$ 
 []

! Undefined control sequence.
l.25 ...ot c_i \leq S + c_{i + 1} - c_{i} \implies
                                                   S \geq c_i$$
The control sequence at the end of the top line
of your error message was never \def'ed. If you have
misspelled it (e.g., `\hobx'), type `I' and the correct
spelling (e.g., `I\hbox'). Otherwise just continue,
and I'll forget about whatever was undefined.


Overfull \hbox (150.48538pt too wide) detected at line 25
\OML/cmm/m/it/10 c[] \OT1/cmr/m/n/10 = \OML/cmm/m/it/10 S \OT1/cmr/m/n/10 + \OM
L/cmm/m/it/10 x \OMS/cmsy/m/n/10 ^^A \OML/cmm/m/it/10 c[] \OMS/cmsy/m/n/10 ^^T 
\OML/cmm/m/it/10 S \OT1/cmr/m/n/10 + \OML/cmm/m/it/10 c[] \OMS/cmsy/m/n/10 ^^@ 
\OML/cmm/m/it/10 c[]S \OMS/cmsy/m/n/10 ^^U \OML/cmm/m/it/10 c[]
 []

Missing character: There is no é‚£ in font nullfont!
Missing character: There is no å›  in font nullfont!
Missing character: There is no ç‚º in font nullfont!
Missing character: There is no ä»¥ in font nullfont!
Missing character: There is no ä¸Š in font nullfont!
Missing character: There is no çš„ in font nullfont!
Missing character: There is no å‡ in font nullfont!
Missing character: There is no è¨­ in font nullfont!
Missing character: There is no ï¼Œ in font nullfont!
Missing character: There is no æˆ‘ in font nullfont!
Missing character: There is no å°± in font nullfont!
Missing character: There is no å¯ in font nullfont!
Missing character: There is no ä»¥ in font nullfont!
Missing character: There is no å– in font nullfont!
Missing character: There is no ä¸€ in font nullfont!
Missing character: There is no äº› in font nullfont!
Missing character: There is no åŒ– in font nullfont!
Missing character: There is no ç°¡ in font nullfont!
Missing character: There is no æˆ in font nullfont!
Missing character: There is no ï¼Œ in font nullfont!
Missing character: There is no è€Œ in font nullfont!
Missing character: There is no è®Š in font nullfont!
Missing character: There is no æˆ in font nullfont!
Missing character: There is no ã€‚ in font nullfont!
Missing character: There is no è‹¥ in font nullfont!
Missing character: There is no å…¶ in font nullfont!
Missing character: There is no ä¾ in font nullfont!
Missing character: There is no ç„¶ in font nullfont!
Missing character: There is no ç¬¦ in font nullfont!
Missing character: There is no åˆ in font nullfont!
Missing character: There is no ï¼Œ in font nullfont!
Missing character: There is no é‚£ in font nullfont!
Missing character: There is no å°± in font nullfont!
Missing character: There is no ç¹¼ in font nullfont!
Missing character: There is no çºŒ in font nullfont!
Missing character: There is no å– in font nullfont!
Missing character: There is no ï¼Œ in font nullfont!
Missing character: There is no ç›´ in font nullfont!
Missing character: There is no åˆ° in font nullfont!
Missing character: There is no ï¼Œ in font nullfont!
Missing character: There is no é‚£ in font nullfont!
Missing character: There is no å°± in font nullfont!
Missing character: There is no è®Š in font nullfont!
Missing character: There is no æˆ in font nullfont!
Missing character: There is no ç¬¬ in font nullfont!
Missing character: There is no ä¸€ in font nullfont!
Missing character: There is no å€‹ in font nullfont!
Missing character: There is no c in font nullfont!
Missing character: There is no a in font nullfont!
Missing character: There is no s in font nullfont!
Missing character: There is no e in font nullfont!
Missing character: There is no äº† in font nullfont!
Missing character: There is no ï¼Œ in font nullfont!
Missing character: There is no å°± in font nullfont!
Missing character: There is no ç›´ in font nullfont!
Missing character: There is no æ¥ in font nullfont!
Missing character: There is no å– in font nullfont!
Missing character: There is no æœ€ in font nullfont!
Missing character: There is no å¤§ in font nullfont!
Missing character: There is no çš„ in font nullfont!
Missing character: There is no ã€‚ in font nullfont!

Overfull \hbox (26.86519pt too wide) in paragraph at lines 25--27
$\OML/cmm/m/it/10 c[]$$x$$x \OT1/cmr/m/n/10 +
 []


Overfull \hbox (21.2708pt too wide) in paragraph at lines 25--27
\OT1/cmr/m/n/10 1$$\OML/cmm/m/it/10 x \OMS/cmsy/m/n/10 ^^T
 []


Overfull \hbox (25.4612pt too wide) in paragraph at lines 25--27
[] \OMS/cmsy/m/n/10 ^^@
 []


Overfull \hbox (21.2708pt too wide) in paragraph at lines 25--27
\OT1/cmr/m/n/10 1$$\OML/cmm/m/it/10 x \OT1/cmr/m/n/10 =
 []


Overfull \hbox (17.6834pt too wide) in paragraph at lines 25--27
[]$ 
 []

Missing character: There is no æ‰€ in font nullfont!
Missing character: There is no ä»¥ in font nullfont!
Missing character: There is no æ¯ in font nullfont!
Missing character: There is no æ¬¡ in font nullfont!
Missing character: There is no å¦‚ in font nullfont!
Missing character: There is no æœ in font nullfont!
Missing character: There is no æ²’ in font nullfont!
Missing character: There is no æœ‰ in font nullfont!
Missing character: There is no å– in font nullfont!
Missing character: There is no æœ€ in font nullfont!
Missing character: There is no å¤§ in font nullfont!
Missing character: There is no çš„ in font nullfont!
Missing character: There is no ï¼Œ in font nullfont!
Missing character: There is no è€Œ in font nullfont!
Missing character: There is no æ˜¯ in font nullfont!
Missing character: There is no å– in font nullfont!
Missing character: There is no å…¶ in font nullfont!
Missing character: There is no ä»– in font nullfont!
Missing character: There is no çš„ in font nullfont!
Missing character: There is no ï¼Œ in font nullfont!
Missing character: There is no ä¸€ in font nullfont!
Missing character: There is no å®š in font nullfont!
Missing character: There is no æœ‰ in font nullfont!
Missing character: There is no è¾¦ in font nullfont!
Missing character: There is no æ³• in font nullfont!
Missing character: There is no åˆ in font nullfont!
Missing character: There is no ä½µ in font nullfont!
Missing character: There is no æˆ in font nullfont!
Missing character: There is no æ›´ in font nullfont!
Missing character: There is no å¥½ in font nullfont!
Missing character: There is no çš„ in font nullfont!
Missing character: There is no è§£ in font nullfont!
Missing character: There is no ï¼Œ in font nullfont!
Missing character: There is no è€Œ in font nullfont!
Missing character: There is no æœ€ in font nullfont!
Missing character: There is no å¾Œ in font nullfont!
Missing character: There is no çš„ in font nullfont!
Missing character: There is no åˆ in font nullfont!
Missing character: There is no ä½µ in font nullfont!
Missing character: There is no å°± in font nullfont!
Missing character: There is no æœƒ in font nullfont!
Missing character: There is no è®Š in font nullfont!
Missing character: There is no æˆ in font nullfont!
Missing character: There is no è²ª in font nullfont!
Missing character: There is no å¿ƒ in font nullfont!
Missing character: There is no è§£ in font nullfont!
Missing character: There is no ï¼Œ in font nullfont!
Missing character: There is no å¾— in font nullfont!
Missing character: There is no è­‰ in font nullfont!
Missing character: There is no ã€‚ in font nullfont!
Missing character: There is no ä»¤ in font nullfont!
Missing character: There is no ï¼Œ in font nullfont!
Missing character: There is no å‰‡ in font nullfont!
Missing character: There is no ç”¨ in font nullfont!
Missing character: There is no è²ª in font nullfont!
Missing character: There is no å¿ƒ in font nullfont!
Missing character: There is no æ³• in font nullfont!
Missing character: There is no å‰‡ in font nullfont!
Missing character: There is no éœ€ in font nullfont!
Missing character: There is no è¦ in font nullfont!
Missing character: There is no å– in font nullfont!
Missing character: There is no å€‹ in font nullfont!
Missing character: There is no ï¼ˆ in font nullfont!
Missing character: There is no ä¸€ in font nullfont!
Missing character: There is no å€‹ in font nullfont!
Missing character: There is no ï¼Œ in font nullfont!
Missing character: There is no å›› in font nullfont!
Missing character: There is no å€‹ in font nullfont!
Missing character: There is no ï¼‰ in font nullfont!
Missing character: There is no ï¼Œ in font nullfont!
Missing character: There is no ä½† in font nullfont!
Missing character: There is no æ˜¯ in font nullfont!
Missing character: There is no æœ€ in font nullfont!
Missing character: There is no ä½³ in font nullfont!
Missing character: There is no è§£ in font nullfont!
Missing character: There is no å– in font nullfont!
Missing character: There is no å…© in font nullfont!
Missing character: There is no å€‹ in font nullfont!
Missing character: There is no ï¼ˆ in font nullfont!
Missing character: There is no ï¼‰ in font nullfont!
Missing character: There is no å°± in font nullfont!
Missing character: There is no å¥½ in font nullfont!
Missing character: There is no äº† in font nullfont!
Missing character: There is no ï¼Œ in font nullfont!
Missing character: There is no æ‰€ in font nullfont!
Missing character: There is no ä»¥ in font nullfont!
Missing character: There is no è²ª in font nullfont!
Missing character: There is no å¿ƒ in font nullfont!
Missing character: There is no æ³• in font nullfont!
Missing character: There is no åœ¨ in font nullfont!
Missing character: There is no é€™ in font nullfont!
Missing character: There is no å€‹ in font nullfont!
Missing character: There is no æ™‚ in font nullfont!
Missing character: There is no å€™ in font nullfont!
Missing character: There is no ä¸ in font nullfont!
Missing character: There is no ä¸€ in font nullfont!
Missing character: There is no å®š in font nullfont!
Missing character: There is no æœƒ in font nullfont!
Missing character: There is no å° in font nullfont!
Missing character: There is no ã€‚ in font nullfont!

Overfull \hbox (19.3692pt too wide) in paragraph at lines 29--31
\OML/cmm/m/it/10 c[] \OT1/cmr/m/n/10 =
 []


Overfull \hbox (28.81363pt too wide) in paragraph at lines 29--31
\OT1/cmr/m/n/10 1\OML/cmm/m/it/10 ; c[] \OT1/cmr/m/n/10 =
 []


Overfull \hbox (28.81363pt too wide) in paragraph at lines 29--31
\OT1/cmr/m/n/10 5\OML/cmm/m/it/10 ; c[] \OT1/cmr/m/n/10 =
 []


Overfull \hbox (25.71521pt too wide) in paragraph at lines 29--31
\OT1/cmr/m/n/10 6\OML/cmm/m/it/10 ; x \OT1/cmr/m/n/10 =
 []


Overfull \hbox (41.44112pt too wide) in paragraph at lines 29--31
\OT1/cmr/m/n/10 10$$5$$\OML/cmm/m/it/10 c[]$$c[]$$c[]$ 
 []

Missing character: There is no ä»¤ in font nullfont!
Missing character: There is no å°± in font nullfont!
Missing character: There is no æœƒ in font nullfont!
Missing character: There is no å° in font nullfont!
Missing character: There is no äº† in font nullfont!
Missing character: There is no ï¼š in font nullfont!
Missing character: There is no å…ˆ in font nullfont!
Missing character: There is no è§€ in font nullfont!
Missing character: There is no å¯Ÿ in font nullfont!
Missing character: There is no ï¼š in font nullfont!
Missing character: There is no ç™¼ in font nullfont!
Missing character: There is no ç¾ in font nullfont!
Missing character: There is no ä¸€ in font nullfont!
Missing character: There is no å®š in font nullfont!
Missing character: There is no ä¸ in font nullfont!
Missing character: There is no æœƒ in font nullfont!
Missing character: There is no å– in font nullfont!
Missing character: There is no è¶… in font nullfont!
Missing character: There is no é in font nullfont!
Missing character: There is no å€‹ in font nullfont!
Missing character: There is no ï¼Œ in font nullfont!
Missing character: There is no å›  in font nullfont!
Missing character: There is no ç‚º in font nullfont!
Missing character: There is no åª in font nullfont!
Missing character: There is no è¦ in font nullfont!
Missing character: There is no è¶… in font nullfont!
Missing character: There is no é in font nullfont!
Missing character: There is no äº† in font nullfont!
Missing character: There is no ï¼Œ in font nullfont!
Missing character: There is no æ¯ in font nullfont!
Missing character: There is no å€‹ in font nullfont!
Missing character: There is no å°± in font nullfont!
Missing character: There is no å¯ in font nullfont!
Missing character: There is no ä»¥ in font nullfont!
Missing character: There is no æ› in font nullfont!
Missing character: There is no æˆ in font nullfont!
Missing character: There is no å€‹ in font nullfont!
Missing character: There is no ï¼Œ in font nullfont!
Missing character: There is no é€² in font nullfont!
Missing character: There is no è€Œ in font nullfont!
Missing character: There is no æ¸› in font nullfont!
Missing character: There is no å°‘ in font nullfont!
Missing character: There is no éŒ¢ in font nullfont!
Missing character: There is no å¹£ in font nullfont!
Missing character: There is no æ•¸ in font nullfont!
Missing character: There is no é‡ in font nullfont!
Missing character: There is no ã€‚ in font nullfont!
Missing character: There is no å° in font nullfont!
Missing character: There is no é€² in font nullfont!
Missing character: There is no è¡Œ in font nullfont!
Missing character: There is no æ¨¡ in font nullfont!
Missing character: There is no çš„ in font nullfont!
Missing character: There is no åˆ† in font nullfont!
Missing character: There is no æ in font nullfont!
Missing character: There is no ï¼š in font nullfont!

Overfull \hbox (19.3692pt too wide) in paragraph at lines 31--32
\OML/cmm/m/it/10 c[] \OT1/cmr/m/n/10 =
 []


Overfull \hbox (28.81363pt too wide) in paragraph at lines 31--32
\OT1/cmr/m/n/10 2\OML/cmm/m/it/10 ; c[] \OT1/cmr/m/n/10 =
 []


Overfull \hbox (45.7154pt too wide) in paragraph at lines 31--32
\OT1/cmr/m/n/10 3$$2$$2$$3$$2$$2$$3$$\OML/cmm/m/it/10 x$$\OT1/cmr/m/n/10 3$ 
 []

Missing character: There is no ï¼Œ in font nullfont!
Missing character: There is no å‰‡ in font nullfont!
Missing character: There is no ç‚º in font nullfont!
Missing character: There is no ï¼Œ in font nullfont!
! Undefined control sequence.
l.33 ...\pmod{3}$ï¼Œå‰‡$x$ç‚º$6k$ï¼Œ$k \in \mathbb
                                                  {N}$çš„å½¢å¼ï¼Œé‚£ä¸€å®šæ...
The control sequence at the end of the top line
of your error message was never \def'ed. If you have
misspelled it (e.g., `\hobx'), type `I' and the correct
spelling (e.g., `I\hbox'). Otherwise just continue,
and I'll forget about whatever was undefined.

Missing character: There is no çš„ in font nullfont!
Missing character: There is no å½¢ in font nullfont!
Missing character: There is no å¼ in font nullfont!
Missing character: There is no ï¼Œ in font nullfont!
Missing character: There is no é‚£ in font nullfont!
Missing character: There is no ä¸€ in font nullfont!
Missing character: There is no å®š in font nullfont!
Missing character: There is no æ˜¯ in font nullfont!
Missing character: There is no å…¨ in font nullfont!
Missing character: There is no éƒ¨ in font nullfont!
Missing character: There is no å– in font nullfont!
Missing character: There is no 3 in font nullfont!
Missing character: There is no æœ€ in font nullfont!
Missing character: There is no å¥½ in font nullfont!
Missing character: There is no ã€‚ in font nullfont!

Overfull \hbox (16.27078pt too wide) in paragraph at lines 33--34
\OML/cmm/m/it/10 x \OMS/cmsy/m/n/10 ^^Q
 []


Overfull \hbox (5.00002pt too wide) in paragraph at lines 33--34
\OT1/cmr/m/n/10 0
 []


Overfull \hbox (66.47917pt too wide) in paragraph at lines 33--34
\OT1/cmr/m/n/10 ([]  3)$$\OML/cmm/m/it/10 x$$\OT1/cmr/m/n/10 6\OML/cmm/m/it/10 
k$$k \OMS/cmsy/m/n/10 2
 []


Overfull \hbox (9.12497pt too wide) in paragraph at lines 33--34
\OML/cmm/m/it/10 N$ 
 []

Missing character: There is no ï¼Œ in font nullfont!
Missing character: There is no å‰‡ in font nullfont!
Missing character: There is no ç‚º in font nullfont!
Missing character: There is no æˆ– in font nullfont!
Missing character: There is no ï¼Œ in font nullfont!
! Undefined control sequence.
l.34 ...$x$ç‚º$6k + 1$æˆ–$6k + 4$ï¼Œ$k \in \mathbb
                                                  {N}$çš„å½¢å¼ï¼Œåœ¨é€™å…©å...
The control sequence at the end of the top line
of your error message was never \def'ed. If you have
misspelled it (e.g., `\hobx'), type `I' and the correct
spelling (e.g., `I\hbox'). Otherwise just continue,
and I'll forget about whatever was undefined.

Missing character: There is no çš„ in font nullfont!
Missing character: There is no å½¢ in font nullfont!
Missing character: There is no å¼ in font nullfont!
Missing character: There is no ï¼Œ in font nullfont!
Missing character: There is no åœ¨ in font nullfont!
Missing character: There is no é€™ in font nullfont!
Missing character: There is no å…© in font nullfont!
Missing character: There is no å€‹ in font nullfont!
Missing character: There is no c in font nullfont!
Missing character: There is no a in font nullfont!
Missing character: There is no s in font nullfont!
Missing character: There is no e in font nullfont!
Missing character: There is no ï¼Œ in font nullfont!
Missing character: There is no éƒ½ in font nullfont!
Missing character: There is no æ˜¯ in font nullfont!
Missing character: There is no éœ€ in font nullfont!
Missing character: There is no è¦ in font nullfont!
Missing character: There is no æ‹¿ in font nullfont!
Missing character: There is no å…© in font nullfont!
Missing character: There is no å€‹ in font nullfont!
Missing character: There is no å¯ in font nullfont!
Missing character: There is no ä»¥ in font nullfont!
Missing character: There is no åŒ– in font nullfont!
Missing character: There is no æˆ in font nullfont!
Missing character: There is no çš„ in font nullfont!
Missing character: There is no å€ in font nullfont!
Missing character: There is no æ•¸ in font nullfont!
Missing character: There is no ï¼ˆ in font nullfont!
Missing character: There is no åˆ† in font nullfont!
Missing character: There is no åˆ¥ in font nullfont!
Missing character: There is no ç‚º in font nullfont!
Missing character: There is no å’Œ in font nullfont!
Missing character: There is no çš„ in font nullfont!
Missing character: There is no å½¢ in font nullfont!
Missing character: There is no å¼ in font nullfont!
Missing character: There is no ï¼‰ in font nullfont!

Overfull \hbox (16.27078pt too wide) in paragraph at lines 34--35
\OML/cmm/m/it/10 x \OMS/cmsy/m/n/10 ^^Q
 []


Overfull \hbox (5.00002pt too wide) in paragraph at lines 34--35
\OT1/cmr/m/n/10 1
 []


Overfull \hbox (59.29173pt too wide) in paragraph at lines 34--35
\OT1/cmr/m/n/10 ([]  3)$$\OML/cmm/m/it/10 x$$\OT1/cmr/m/n/10 6\OML/cmm/m/it/10 
k \OT1/cmr/m/n/10 +
 []


Overfull \hbox (23.29868pt too wide) in paragraph at lines 34--35
\OT1/cmr/m/n/10 1$$6\OML/cmm/m/it/10 k \OT1/cmr/m/n/10 +
 []


Overfull \hbox (19.96526pt too wide) in paragraph at lines 34--35
\OT1/cmr/m/n/10 4$$\OML/cmm/m/it/10 k \OMS/cmsy/m/n/10 2
 []


Overfull \hbox (37.42366pt too wide) in paragraph at lines 34--35
\OML/cmm/m/it/10 N$$\OT1/cmr/m/n/10 2$$3$$6\OML/cmm/m/it/10 k \OMS/cmsy/m/n/10 
^^@
 []


Overfull \hbox (15.52087pt too wide) in paragraph at lines 34--35
\OT1/cmr/m/n/10 3$$6\OML/cmm/m/it/10 k$ 
 []

Missing character: There is no ï¼Œ in font nullfont!
Missing character: There is no å‰‡ in font nullfont!
Missing character: There is no å‰‡ in font nullfont!
Missing character: There is no ç‚º in font nullfont!
Missing character: There is no æˆ– in font nullfont!
Missing character: There is no ï¼Œ in font nullfont!
! Undefined control sequence.
l.35 ...$x$ç‚º$6k + 2$æˆ–$6k + 5$ï¼Œ$k \in \mathbb
                                                  {N}$çš„å½¢å¼ï¼Œåœ¨é€™å…©å...
The control sequence at the end of the top line
of your error message was never \def'ed. If you have
misspelled it (e.g., `\hobx'), type `I' and the correct
spelling (e.g., `I\hbox'). Otherwise just continue,
and I'll forget about whatever was undefined.

Missing character: There is no çš„ in font nullfont!
Missing character: There is no å½¢ in font nullfont!
Missing character: There is no å¼ in font nullfont!
Missing character: There is no ï¼Œ in font nullfont!
Missing character: There is no åœ¨ in font nullfont!
Missing character: There is no é€™ in font nullfont!
Missing character: There is no å…© in font nullfont!
Missing character: There is no å€‹ in font nullfont!
Missing character: There is no c in font nullfont!
Missing character: There is no a in font nullfont!
Missing character: There is no s in font nullfont!
Missing character: There is no e in font nullfont!
Missing character: There is no ï¼Œ in font nullfont!
Missing character: There is no éƒ½ in font nullfont!
Missing character: There is no æ˜¯ in font nullfont!
Missing character: There is no éœ€ in font nullfont!
Missing character: There is no è¦ in font nullfont!
Missing character: There is no æ‹¿ in font nullfont!
Missing character: There is no ä¸€ in font nullfont!
Missing character: There is no å€‹ in font nullfont!
Missing character: There is no å¯ in font nullfont!
Missing character: There is no ä»¥ in font nullfont!
Missing character: There is no åŒ– in font nullfont!
Missing character: There is no æˆ in font nullfont!
Missing character: There is no çš„ in font nullfont!
Missing character: There is no å€ in font nullfont!
Missing character: There is no æ•¸ in font nullfont!
Missing character: There is no ï¼ˆ in font nullfont!
Missing character: There is no åˆ† in font nullfont!
Missing character: There is no åˆ¥ in font nullfont!
Missing character: There is no ç‚º in font nullfont!
Missing character: There is no å’Œ in font nullfont!
Missing character: There is no çš„ in font nullfont!
Missing character: There is no å½¢ in font nullfont!
Missing character: There is no å¼ in font nullfont!
Missing character: There is no ï¼‰ in font nullfont!

Overfull \hbox (16.27078pt too wide) in paragraph at lines 35--36
\OML/cmm/m/it/10 x \OMS/cmsy/m/n/10 ^^Q
 []


Overfull \hbox (5.00002pt too wide) in paragraph at lines 35--36
\OT1/cmr/m/n/10 2
 []


Overfull \hbox (59.29173pt too wide) in paragraph at lines 35--36
\OT1/cmr/m/n/10 ([]  3)$$\OML/cmm/m/it/10 x$$\OT1/cmr/m/n/10 6\OML/cmm/m/it/10 
k \OT1/cmr/m/n/10 +
 []


Overfull \hbox (23.29868pt too wide) in paragraph at lines 35--36
\OT1/cmr/m/n/10 2$$6\OML/cmm/m/it/10 k \OT1/cmr/m/n/10 +
 []


Overfull \hbox (19.96526pt too wide) in paragraph at lines 35--36
\OT1/cmr/m/n/10 5$$\OML/cmm/m/it/10 k \OMS/cmsy/m/n/10 2
 []


Overfull \hbox (47.94452pt too wide) in paragraph at lines 35--36
\OML/cmm/m/it/10 N$$\OT1/cmr/m/n/10 2$$3$$6\OML/cmm/m/it/10 k$$\OT1/cmr/m/n/10 
6\OML/cmm/m/it/10 k \OT1/cmr/m/n/10 +
 []


Overfull \hbox (5.00002pt too wide) in paragraph at lines 35--36
\OT1/cmr/m/n/10 3$ 
 []

Missing character: There is no ç”± in font nullfont!
Missing character: There is no ä»¥ in font nullfont!
Missing character: There is no ä¸Š in font nullfont!
Missing character: There is no åˆ† in font nullfont!
Missing character: There is no æ in font nullfont!
Missing character: There is no å¯ in font nullfont!
Missing character: There is no ä»¥ in font nullfont!
Missing character: There is no çŸ¥ in font nullfont!
Missing character: There is no é“ in font nullfont!
Missing character: There is no è²ª in font nullfont!
Missing character: There is no å¿ƒ in font nullfont!
Missing character: There is no æ³• in font nullfont!
Missing character: There is no åœ¨ in font nullfont!
Missing character: There is no é€™ in font nullfont!
Missing character: There is no å€‹ in font nullfont!
Missing character: There is no c in font nullfont!
Missing character: There is no a in font nullfont!
Missing character: There is no s in font nullfont!
Missing character: There is no e in font nullfont!
Missing character: There is no ä¹Ÿ in font nullfont!
Missing character: There is no æœƒ in font nullfont!
Missing character: There is no å° in font nullfont!
Missing character: There is no ã€‚ in font nullfont!
! Undefined control sequence.
l.41 \pr
        {
The control sequence at the end of the top line
of your error message was never \def'ed. If you have
misspelled it (e.g., `\hobx'), type `I' and the correct
spelling (e.g., `I\hbox'). Otherwise just continue,
and I'll forget about whatever was undefined.


! LaTeX Error: Missing \begin{document}.

See the LaTeX manual or LaTeX Companion for explanation.
Type  H <return>  for immediate help.
 ...                                              
                                                  
l.42 ^^Iå‡
           è¨­æˆ‘ç›®å‰é¸äº†å€é–“é›†åˆ$S = {S_1, S_2, \cdots, S_n}$ï¼Œå‰‡...

You're in trouble here.  Try typing  <return>  to proceed.
If that doesn't work, type  X <return>  to quit.

Missing character: There is no å‡ in font nullfont!
Missing character: There is no è¨­ in font nullfont!
Missing character: There is no æˆ‘ in font nullfont!
Missing character: There is no ç›® in font nullfont!
Missing character: There is no å‰ in font nullfont!
Missing character: There is no é¸ in font nullfont!
Missing character: There is no äº† in font nullfont!
Missing character: There is no å€ in font nullfont!
Missing character: There is no é–“ in font nullfont!
Missing character: There is no é›† in font nullfont!
Missing character: There is no åˆ in font nullfont!
Missing character: There is no ï¼Œ in font nullfont!
Missing character: There is no å‰‡ in font nullfont!
Missing character: There is no å¯ in font nullfont!
Missing character: There is no ä»¥ in font nullfont!
)
! Emergency stop.
<*> content.tex
               
*** (job aborted, no legal \end found)

 
Here is how much of TeX's memory you used:
 16 strings out of 493005
 207 string characters out of 6134588
 65812 words of memory out of 5000000
 4087 multiletter control sequences out of 15000+600000
 3648 words of font info for 15 fonts, out of 8000000 for 9000
 1348 hyphenation exceptions out of 8191
 18i,3n,12p,256b,137s stack positions out of 5000i,500n,10000p,200000b,80000s
No pages of output.
