This is XeTeX, Version 3.14159265-2.6-0.99998 (TeX Live 2017) (preloaded format=xelatex 2018.2.7)  18 MAY 2019 12:35
entering extended mode
 restricted \write18 enabled.
 %&-line parsing enabled.
**content.tex
(./content.tex
LaTeX2e <2017-04-15>
Babel <3.17> and hyphenation patterns for 84 language(s) loaded.
! Undefined control sequence.
<argument> \undefinedpagestyle 
                               
l.7 \thispagestyle{fancy}
                         
The control sequence at the end of the top line
of your error message was never \def'ed. If you have
misspelled it (e.g., `\hobx'), type `I' and the correct
spelling (e.g., `I\hbox'). Otherwise just continue,
and I'll forget about whatever was undefined.


! LaTeX Error: No counter 'section' defined.

See the LaTeX manual or LaTeX Companion for explanation.
Type  H <return>  for immediate help.
 ...                                              
                                                  
l.9 \setcounter{section}{-1}
                            
Your command was ignored.
Type  I <command> <return>  to replace it with another command,
or  <return>  to continue without it.

! Undefined control sequence.
l.10 ^^I\maketitle
                  
The control sequence at the end of the top line
of your error message was never \def'ed. If you have
misspelled it (e.g., `\hobx'), type `I' and the correct
spelling (e.g., `I\hbox'). Otherwise just continue,
and I'll forget about whatever was undefined.

! Undefined control sequence.
l.11 \rhead
           {W6 æ‰‹å¯«åŠŸèª²}
The control sequence at the end of the top line
of your error message was never \def'ed. If you have
misspelled it (e.g., `\hobx'), type `I' and the correct
spelling (e.g., `I\hbox'). Otherwise just continue,
and I'll forget about whatever was undefined.


! LaTeX Error: Missing \begin{document}.

See the LaTeX manual or LaTeX Companion for explanation.
Type  H <return>  for immediate help.
 ...                                              
                                                  
l.11 \rhead{W
             6 æ‰‹å¯«åŠŸèª²}
You're in trouble here.  Try typing  <return>  to proceed.
If that doesn't work, type  X <return>  to quit.

Missing character: There is no W in font nullfont!
Missing character: There is no 6 in font nullfont!
Missing character: There is no æ‰‹ in font nullfont!
Missing character: There is no å¯« in font nullfont!
Missing character: There is no åŠŸ in font nullfont!
Missing character: There is no èª² in font nullfont!
! Undefined control sequence.
l.12 \lfoot
           {åŠ‰è‡³è»’}
The control sequence at the end of the top line
of your error message was never \def'ed. If you have
misspelled it (e.g., `\hobx'), type `I' and the correct
spelling (e.g., `I\hbox'). Otherwise just continue,
and I'll forget about whatever was undefined.

Missing character: There is no åŠ‰ in font nullfont!
Missing character: There is no è‡³ in font nullfont!
Missing character: There is no è»’ in font nullfont!

Overfull \hbox (24.0pt too wide) in paragraph at lines 11--13
[]
 []

! Undefined control sequence.
l.14 \pr
        {
The control sequence at the end of the top line
of your error message was never \def'ed. If you have
misspelled it (e.g., `\hobx'), type `I' and the correct
spelling (e.g., `I\hbox'). Otherwise just continue,
and I'll forget about whatever was undefined.


! LaTeX Error: Missing \begin{document}.

See the LaTeX manual or LaTeX Companion for explanation.
Type  H <return>  for immediate help.
 ...                                              
                                                  
l.15 ^^Iå‡
           è¨­å•é¡Œæ˜¯è¼¸å…¥ä¸€å€‹æ•¸å­—ï¼Œå†è¼¸å‡ºä¸€å€‹æ•¸å­—ï¼š$f:\math...

You're in trouble here.  Try typing  <return>  to proceed.
If that doesn't work, type  X <return>  to quit.

Missing character: There is no å‡ in font nullfont!
Missing character: There is no è¨­ in font nullfont!
Missing character: There is no å• in font nullfont!
Missing character: There is no é¡Œ in font nullfont!
Missing character: There is no æ˜¯ in font nullfont!
Missing character: There is no è¼¸ in font nullfont!
Missing character: There is no å…¥ in font nullfont!
Missing character: There is no ä¸€ in font nullfont!
Missing character: There is no å€‹ in font nullfont!
Missing character: There is no æ•¸ in font nullfont!
Missing character: There is no å­— in font nullfont!
Missing character: There is no ï¼Œ in font nullfont!
Missing character: There is no å† in font nullfont!
Missing character: There is no è¼¸ in font nullfont!
Missing character: There is no å‡º in font nullfont!
Missing character: There is no ä¸€ in font nullfont!
Missing character: There is no å€‹ in font nullfont!
Missing character: There is no æ•¸ in font nullfont!
Missing character: There is no å­— in font nullfont!
Missing character: There is no ï¼š in font nullfont!
LaTeX Font Info:    External font `cmex10' loaded for size
(Font)              <7> on input line 15.
LaTeX Font Info:    External font `cmex10' loaded for size
(Font)              <5> on input line 15.
! Undefined control sequence.
l.15 ...•¸å­—ï¼Œå†è¼¸å‡ºä¸€å€‹æ•¸å­—ï¼š$f:\mathbb
                                                  {R} \mapsto \mathbb{R}^2$è...
The control sequence at the end of the top line
of your error message was never \def'ed. If you have
misspelled it (e.g., `\hobx'), type `I' and the correct
spelling (e.g., `I\hbox'). Otherwise just continue,
and I'll forget about whatever was undefined.

! Undefined control sequence.
l.15 ...€å€‹æ•¸å­—ï¼š$f:\mathbb{R} \mapsto \mathbb
                                                  {R}^2$èƒ½åœ¨$O(n^2)$å»ºç«‹...
The control sequence at the end of the top line
of your error message was never \def'ed. If you have
misspelled it (e.g., `\hobx'), type `I' and the correct
spelling (e.g., `I\hbox'). Otherwise just continue,
and I'll forget about whatever was undefined.

Missing character: There is no èƒ½ in font nullfont!
Missing character: There is no åœ¨ in font nullfont!
Missing character: There is no å»º in font nullfont!
Missing character: There is no ç«‹ in font nullfont!
Missing character: There is no ä¸€ in font nullfont!
Missing character: There is no å€‹ in font nullfont!
Missing character: There is no çš„ in font nullfont!
Missing character: There is no è¡¨ in font nullfont!
Missing character: There is no æ ¼ in font nullfont!
Missing character: There is no çµ¦ in font nullfont!
! Undefined control sequence.
l.15 ...‹ä¸€å€‹$n \times n$çš„è¡¨æ ¼çµ¦$q: \mathbb
                                                  {R}^2 \mapsto \mathbb{R}$å...
The control sequence at the end of the top line
of your error message was never \def'ed. If you have
misspelled it (e.g., `\hobx'), type `I' and the correct
spelling (e.g., `I\hbox'). Otherwise just continue,
and I'll forget about whatever was undefined.

! Undefined control sequence.
l.15 ...„è¡¨æ ¼çµ¦$q: \mathbb{R}^2 \mapsto \mathbb
                                                  {R}$åœ¨$2^n$å¾—åˆ°ç­”æ¡ˆï¼...
The control sequence at the end of the top line
of your error message was never \def'ed. If you have
misspelled it (e.g., `\hobx'), type `I' and the correct
spelling (e.g., `I\hbox'). Otherwise just continue,
and I'll forget about whatever was undefined.

Missing character: There is no åœ¨ in font nullfont!
Missing character: There is no å¾— in font nullfont!
Missing character: There is no åˆ° in font nullfont!
Missing character: There is no ç­” in font nullfont!
Missing character: There is no æ¡ˆ in font nullfont!
Missing character: There is no ï¼Œ in font nullfont!
Missing character: There is no ç„¶ in font nullfont!
Missing character: There is no å¾Œ in font nullfont!
! Undefined control sequence.
l.15 ...}$åœ¨$2^n$å¾—åˆ°ç­”æ¡ˆï¼Œç„¶å¾Œ$g: \mathbb
                                                  {R} \rightarrow  \mathbb{R...
The control sequence at the end of the top line
of your error message was never \def'ed. If you have
misspelled it (e.g., `\hobx'), type `I' and the correct
spelling (e.g., `I\hbox'). Otherwise just continue,
and I'll forget about whatever was undefined.

! Undefined control sequence.
l.15 ...Œç„¶å¾Œ$g: \mathbb{R} \rightarrow  \mathbb
                                                  {R}$èƒ½åœ¨$O(1)$å°‡ç­”æ¡ˆè...
The control sequence at the end of the top line
of your error message was never \def'ed. If you have
misspelled it (e.g., `\hobx'), type `I' and the correct
spelling (e.g., `I\hbox'). Otherwise just continue,
and I'll forget about whatever was undefined.

Missing character: There is no èƒ½ in font nullfont!
Missing character: There is no åœ¨ in font nullfont!
Missing character: There is no å°‡ in font nullfont!
Missing character: There is no ç­” in font nullfont!
Missing character: There is no æ¡ˆ in font nullfont!
Missing character: There is no è½‰ in font nullfont!
Missing character: There is no æ› in font nullfont!
Missing character: There is no ã€‚ in font nullfont!
Missing character: There is no é‚£ in font nullfont!
Missing character: There is no æ™‚ in font nullfont!
Missing character: There is no é–“ in font nullfont!
Missing character: There is no çš„ in font nullfont!
Missing character: There is no ç‚º in font nullfont!
Missing character: There is no ï¼Œ in font nullfont!
Missing character: There is no ä½† in font nullfont!
Missing character: There is no æ˜¯ in font nullfont!
Missing character: There is no ç¶“ in font nullfont!
Missing character: There is no é in font nullfont!
Missing character: There is no ä¹‹ in font nullfont!
Missing character: There is no å¾Œ in font nullfont!
Missing character: There is no ï¼Œ in font nullfont!
Missing character: There is no çš„ in font nullfont!
Missing character: There is no è¼¸ in font nullfont!
Missing character: There is no å…¥ in font nullfont!
Missing character: There is no è®Š in font nullfont!
Missing character: There is no æˆ in font nullfont!
Missing character: There is no ï¼Œ in font nullfont!
Missing character: There is no æ‰€ in font nullfont!
Missing character: There is no ä»¥ in font nullfont!
Missing character: There is no å¯¦ in font nullfont!
Missing character: There is no éš› in font nullfont!
Missing character: There is no è¤‡ in font nullfont!
Missing character: There is no é›œ in font nullfont!
Missing character: There is no åº¦ in font nullfont!
Missing character: There is no ã€‚ in font nullfont!
! Undefined control sequence.
l.17 \pr
        {
The control sequence at the end of the top line
of your error message was never \def'ed. If you have
misspelled it (e.g., `\hobx'), type `I' and the correct
spelling (e.g., `I\hbox'). Otherwise just continue,
and I'll forget about whatever was undefined.

Missing character: There is no å›  in font nullfont!
Missing character: There is no ç‚º in font nullfont!
Missing character: There is no ä¸€ in font nullfont!
Missing character: There is no å€‹ in font nullfont!
Missing character: There is no å¤š in font nullfont!
Missing character: There is no é … in font nullfont!
Missing character: There is no å¼ in font nullfont!
Missing character: There is no æ™‚ in font nullfont!
Missing character: There is no é–“ in font nullfont!
Missing character: There is no å‡½ in font nullfont!
Missing character: There is no æ•¸ in font nullfont!
Missing character: There is no çš„ in font nullfont!
Missing character: There is no è¼¸ in font nullfont!
Missing character: There is no å‡º in font nullfont!
Missing character: There is no ä¸€ in font nullfont!
Missing character: There is no å®š in font nullfont!
Missing character: There is no æ˜¯ in font nullfont!
Missing character: There is no å¤š in font nullfont!
Missing character: There is no é … in font nullfont!
Missing character: There is no å¼ in font nullfont!
Missing character: There is no çš„ in font nullfont!
Missing character: There is no å¤š in font nullfont!
Missing character: There is no ï¼ˆ in font nullfont!
Missing character: There is no å¦‚ in font nullfont!
Missing character: There is no æœ in font nullfont!
Missing character: There is no è¶… in font nullfont!
Missing character: There is no é in font nullfont!
Missing character: There is no çš„ in font nullfont!
Missing character: There is no è©± in font nullfont!
Missing character: There is no ï¼Œ in font nullfont!
Missing character: There is no å…‰ in font nullfont!
Missing character: There is no è¼¸ in font nullfont!
Missing character: There is no å‡º in font nullfont!
Missing character: There is no è§£ in font nullfont!
Missing character: There is no ç­” in font nullfont!
Missing character: There is no æ™‚ in font nullfont!
Missing character: There is no é–“ in font nullfont!
Missing character: There is no å°± in font nullfont!
Missing character: There is no çˆ† in font nullfont!
Missing character: There is no æ‰ in font nullfont!
Missing character: There is no äº† in font nullfont!
Missing character: There is no ï¼ in font nullfont!
Missing character: There is no ï¼‰ in font nullfont!
Missing character: There is no ï¼Œ in font nullfont!
Missing character: There is no æ‰€ in font nullfont!
Missing character: There is no ä»¥ in font nullfont!
Missing character: There is no çš„ in font nullfont!
Missing character: There is no è¼¸ in font nullfont!
Missing character: There is no å…¥ in font nullfont!
Missing character: There is no ä¸€ in font nullfont!
Missing character: There is no å®š in font nullfont!
Missing character: There is no æ˜¯ in font nullfont!
Missing character: There is no å¤š in font nullfont!
Missing character: There is no é … in font nullfont!
Missing character: There is no å¼ in font nullfont!
Missing character: There is no ï¼Œ in font nullfont!
Missing character: There is no å› in font nullfont!
Missing character: There is no å ± in font nullfont!
Missing character: There is no çµ¦ in font nullfont!
Missing character: There is no çš„ in font nullfont!
Missing character: There is no æ± in font nullfont!
Missing character: There is no è¥¿ in font nullfont!
Missing character: There is no ä¹Ÿ in font nullfont!
Missing character: There is no ä¸€ in font nullfont!
Missing character: There is no å®š in font nullfont!
Missing character: There is no æ˜¯ in font nullfont!
Missing character: There is no å¤š in font nullfont!
Missing character: There is no é … in font nullfont!
Missing character: There is no å¼ in font nullfont!
Missing character: There is no ã€‚ in font nullfont!
Missing character: There is no ç”š in font nullfont!
Missing character: There is no è‡³ in font nullfont!
Missing character: There is no ï¼Œ in font nullfont!
Missing character: There is no æˆ‘ in font nullfont!
Missing character: There is no å€‘ in font nullfont!
Missing character: There is no å¯ in font nullfont!
Missing character: There is no ä»¥ in font nullfont!
Missing character: There is no çµ¦ in font nullfont!
Missing character: There is no ç•Œ in font nullfont!
Missing character: There is no ï¼š in font nullfont!
Missing character: There is no æ™‚ in font nullfont!
Missing character: There is no é–“ in font nullfont!
Missing character: There is no è¤‡ in font nullfont!
Missing character: There is no é›œ in font nullfont!
Missing character: There is no åº¦ in font nullfont!
Missing character: There is no çš„ in font nullfont!
Missing character: There is no æ¬¡ in font nullfont!
Missing character: There is no æ–¹ in font nullfont!
Missing character: There is no ä¸Š in font nullfont!
Missing character: There is no ç•Œ in font nullfont!
Missing character: There is no ç‚º in font nullfont!
Missing character: There is no ä¸‰ in font nullfont!
Missing character: There is no å€‹ in font nullfont!
Missing character: There is no æ™‚ in font nullfont!
Missing character: There is no é–“ in font nullfont!
Missing character: There is no è¤‡ in font nullfont!
Missing character: There is no é›œ in font nullfont!
Missing character: There is no åº¦ in font nullfont!
Missing character: There is no çš„ in font nullfont!
Missing character: There is no åº¦ in font nullfont!
Missing character: There is no æ•¸ in font nullfont!
Missing character: There is no ï¼ˆ in font nullfont!
Missing character: There is no d in font nullfont!
Missing character: There is no e in font nullfont!
Missing character: There is no g in font nullfont!
Missing character: There is no r in font nullfont!
Missing character: There is no e in font nullfont!
Missing character: There is no e in font nullfont!
Missing character: There is no ï¼‰ in font nullfont!
Missing character: There is no çš„ in font nullfont!
Missing character: There is no å’Œ in font nullfont!
Missing character: There is no ã€‚ in font nullfont!
! Undefined control sequence.
l.20 \pr
        {
The control sequence at the end of the top line
of your error message was never \def'ed. If you have
misspelled it (e.g., `\hobx'), type `I' and the correct
spelling (e.g., `I\hbox'). Otherwise just continue,
and I'll forget about whatever was undefined.

Missing character: There is no è‹¥ in font nullfont!
Missing character: There is no çš„ in font nullfont!
Missing character: There is no æœ€ in font nullfont!
Missing character: There is no ä½³ in font nullfont!
Missing character: There is no æ™‚ in font nullfont!
Missing character: There is no é–“ in font nullfont!
Missing character: There is no è¤‡ in font nullfont!
Missing character: There is no é›œ in font nullfont!
Missing character: There is no åº¦ in font nullfont!
Missing character: There is no è¶… in font nullfont!
Missing character: There is no é in font nullfont!
Missing character: There is no äº† in font nullfont!
Missing character: There is no å¤š in font nullfont!
Missing character: There is no é … in font nullfont!
Missing character: There is no å¼ in font nullfont!
Missing character: There is no æ™‚ in font nullfont!
Missing character: There is no é–“ in font nullfont!
Missing character: There is no çš„ in font nullfont!
Missing character: There is no é™ in font nullfont!
Missing character: There is no åˆ¶ in font nullfont!
Missing character: There is no ï¼Œ in font nullfont!
Missing character: There is no å‰‡ in font nullfont!
Missing character: There is no ç”¨ in font nullfont!
Missing character: There is no è¦ in font nullfont!
Missing character: There is no ç´„ in font nullfont!
Missing character: There is no ç‚º in font nullfont!
Missing character: There is no çš„ in font nullfont!
Missing character: There is no è§£ in font nullfont!
Missing character: There is no ä¹Ÿ in font nullfont!
Missing character: There is no è¶… in font nullfont!
Missing character: There is no é in font nullfont!
Missing character: There is no äº† in font nullfont!
Missing character: There is no å¤š in font nullfont!
Missing character: There is no é … in font nullfont!
Missing character: There is no å¼ in font nullfont!
Missing character: There is no æ™‚ in font nullfont!
Missing character: There is no é–“ in font nullfont!
Missing character: There is no çš„ in font nullfont!
Missing character: There is no é™ in font nullfont!
Missing character: There is no åˆ¶ in font nullfont!
Missing character: There is no ï¼› in font nullfont!
Missing character: There is no ä¸ in font nullfont!
Missing character: There is no é in font nullfont!
Missing character: There is no åª in font nullfont!
Missing character: There is no çŸ¥ in font nullfont!
Missing character: There is no é“ in font nullfont!
Missing character: There is no å­˜ in font nullfont!
Missing character: There is no åœ¨ in font nullfont!
Missing character: There is no ä¸€ in font nullfont!
Missing character: There is no å€‹ in font nullfont!
Missing character: There is no å¤š in font nullfont!
Missing character: There is no é … in font nullfont!
Missing character: There is no å¼ in font nullfont!
Missing character: There is no æ™‚ in font nullfont!
Missing character: There is no é–“ in font nullfont!
Missing character: There is no çš„ in font nullfont!
Missing character: There is no æ¼” in font nullfont!
Missing character: There is no ç®— in font nullfont!
Missing character: There is no æ³• in font nullfont!
Missing character: There is no ï¼Œ in font nullfont!
Missing character: There is no ä¸ in font nullfont!
Missing character: There is no ä»£ in font nullfont!
Missing character: There is no è¡¨ in font nullfont!
Missing character: There is no ä¸€ in font nullfont!
Missing character: There is no å®š in font nullfont!
Missing character: There is no æ˜¯ in font nullfont!
Missing character: There is no ç”¨ in font nullfont!
Missing character: There is no ä¾† in font nullfont!
Missing character: There is no è§£ in font nullfont!
Missing character: There is no æ±º in font nullfont!
Missing character: There is no çš„ in font nullfont!
Missing character: There is no ï¼Œ in font nullfont!
Missing character: There is no ä¸¦ in font nullfont!
Missing character: There is no æ²’ in font nullfont!
Missing character: There is no æœ‰ in font nullfont!
Missing character: There is no å¼• in font nullfont!
Missing character: There is no èµ· in font nullfont!
Missing character: There is no çŸ› in font nullfont!
Missing character: There is no ç›¾ in font nullfont!
Missing character: There is no ã€‚ in font nullfont!
Missing character: There is no æ‰€ in font nullfont!
Missing character: There is no ä»¥ in font nullfont!
Missing character: There is no æ²’ in font nullfont!
Missing character: There is no è¾¦ in font nullfont!
Missing character: There is no æ³• in font nullfont!
Missing character: There is no æ–· in font nullfont!
Missing character: There is no è¨€ in font nullfont!
Missing character: There is no é“ in font nullfont!
Missing character: There is no ä¸€ in font nullfont!
Missing character: There is no å®š in font nullfont!
Missing character: There is no æœ‰ in font nullfont!
Missing character: There is no å¤š in font nullfont!
Missing character: There is no é … in font nullfont!
Missing character: There is no å¼ in font nullfont!
Missing character: There is no æ™‚ in font nullfont!
Missing character: There is no é–“ in font nullfont!
Missing character: There is no çš„ in font nullfont!
Missing character: There is no æ¼” in font nullfont!
Missing character: There is no ç®— in font nullfont!
Missing character: There is no æ³• in font nullfont!
Missing character: There is no ã€‚ in font nullfont!
! Undefined control sequence.
l.23  \pr
         {
The control sequence at the end of the top line
of your error message was never \def'ed. If you have
misspelled it (e.g., `\hobx'), type `I' and the correct
spelling (e.g., `I\hbox'). Otherwise just continue,
and I'll forget about whatever was undefined.

Missing character: There is no å‡ in font nullfont!
Missing character: There is no è¨­ in font nullfont!
Missing character: There is no æ­¤ in font nullfont!
Missing character: There is no è³‡ in font nullfont!
Missing character: There is no æ–™ in font nullfont!
Missing character: There is no çµ in font nullfont!
Missing character: There is no æ§‹ in font nullfont!
Missing character: There is no å­˜ in font nullfont!
Missing character: There is no åœ¨ in font nullfont!
Missing character: There is no ï¼Œ in font nullfont!
Missing character: There is no å‰‡ in font nullfont!
Missing character: There is no å¯ in font nullfont!
Missing character: There is no ä»¥ in font nullfont!
Missing character: There is no å°‡ in font nullfont!
Missing character: There is no æ‰€ in font nullfont!
Missing character: There is no æœ‰ in font nullfont!
Missing character: There is no å€¼ in font nullfont!
Missing character: There is no æ’ in font nullfont!
Missing character: There is no å…¥ in font nullfont!
Missing character: There is no ï¼Œ in font nullfont!
Missing character: There is no å† in font nullfont!
Missing character: There is no ä¸ in font nullfont!
Missing character: There is no æ–· in font nullfont!
Missing character: There is no æŸ¥ in font nullfont!
Missing character: There is no è©¢ in font nullfont!
Missing character: There is no æ¥µ in font nullfont!
Missing character: There is no å€¼ in font nullfont!
Missing character: There is no ä¸¦ in font nullfont!
Missing character: There is no åˆª in font nullfont!
Missing character: There is no é™¤ in font nullfont!
Missing character: There is no ï¼Œ in font nullfont!
Missing character: There is no å…± in font nullfont!
Missing character: There is no ã€‚ in font nullfont!
Missing character: There is no é€™ in font nullfont!
Missing character: There is no æ¨£ in font nullfont!
Missing character: There is no ï¼Œ in font nullfont!
Missing character: There is no æ‰€ in font nullfont!
Missing character: There is no å¾— in font nullfont!
Missing character: There is no åˆ° in font nullfont!
Missing character: There is no çš„ in font nullfont!
Missing character: There is no åº in font nullfont!
Missing character: There is no åˆ— in font nullfont!
Missing character: There is no å°± in font nullfont!
Missing character: There is no æ˜¯ in font nullfont!
Missing character: There is no åŸ in font nullfont!
Missing character: There is no æœ¬ in font nullfont!
Missing character: There is no åº in font nullfont!
Missing character: There is no åˆ— in font nullfont!
Missing character: There is no çš„ in font nullfont!
Missing character: There is no æ’ in font nullfont!
Missing character: There is no åº in font nullfont!
Missing character: There is no ï¼Œ in font nullfont!
Missing character: There is no ä½† in font nullfont!
Missing character: There is no æ˜¯ in font nullfont!
Missing character: There is no é€™ in font nullfont!
Missing character: There is no é• in font nullfont!
Missing character: There is no å in font nullfont!
Missing character: There is no äº† in font nullfont!
Missing character: There is no æ’ in font nullfont!
Missing character: There is no åº in font nullfont!
Missing character: There is no çš„ in font nullfont!
Missing character: There is no ä¸‹ in font nullfont!
Missing character: There is no ç•Œ in font nullfont!
Missing character: There is no ï¼Œ in font nullfont!
Missing character: There is no æ•… in font nullfont!
Missing character: There is no ä¸ in font nullfont!
Missing character: There is no å¯ in font nullfont!
Missing character: There is no èƒ½ in font nullfont!
Missing character: There is no ã€‚ in font nullfont!
! Undefined control sequence.
l.26 \pr
        {
The control sequence at the end of the top line
of your error message was never \def'ed. If you have
misspelled it (e.g., `\hobx'), type `I' and the correct
spelling (e.g., `I\hbox'). Otherwise just continue,
and I'll forget about whatever was undefined.

Missing character: There is no å°‡ in font nullfont!
Missing character: There is no æ¯ in font nullfont!
Missing character: There is no ä¸€ in font nullfont!
Missing character: There is no å€‹ in font nullfont!
Missing character: There is no é» in font nullfont!
Missing character: There is no æ‰“ in font nullfont!
Missing character: There is no åˆ° in font nullfont!
Missing character: There is no ï¼Œ in font nullfont!
Missing character: There is no å† in font nullfont!
Missing character: There is no è·‘ in font nullfont!
Missing character: There is no ä¸€ in font nullfont!
Missing character: There is no æ¬¡ in font nullfont!
Missing character: There is no æœ€ in font nullfont!
Missing character: There is no è¿‘ in font nullfont!
Missing character: There is no é» in font nullfont!
Missing character: There is no å° in font nullfont!
Missing character: There is no å¾— in font nullfont!
Missing character: There is no åˆ° in font nullfont!
Missing character: There is no æœ€ in font nullfont!
Missing character: There is no è¿‘ in font nullfont!
Missing character: There is no è· in font nullfont!
Missing character: There is no é›¢ in font nullfont!
Missing character: There is no ï¼Œ in font nullfont!
Missing character: There is no è‹¥ in font nullfont!
Missing character: There is no å‰‡ in font nullfont!
Missing character: There is no å› in font nullfont!
Missing character: There is no å‚³ in font nullfont!
Missing character: There is no " in font nullfont!
Missing character: There is no Y in font nullfont!
Missing character: There is no e in font nullfont!
Missing character: There is no s in font nullfont!
Missing character: There is no " in font nullfont!
Missing character: There is no ï¼Œ in font nullfont!
Missing character: There is no å¦ in font nullfont!
Missing character: There is no å‰‡ in font nullfont!
Missing character: There is no å› in font nullfont!
Missing character: There is no å‚³ in font nullfont!
Missing character: There is no " in font nullfont!
Missing character: There is no N in font nullfont!
Missing character: There is no o in font nullfont!
Missing character: There is no " in font nullfont!
Missing character: There is no ã€‚ in font nullfont!
! Undefined control sequence.
l.29 \pr
        {
The control sequence at the end of the top line
of your error message was never \def'ed. If you have
misspelled it (e.g., `\hobx'), type `I' and the correct
spelling (e.g., `I\hbox'). Otherwise just continue,
and I'll forget about whatever was undefined.

Missing character: There is no å°‡ in font nullfont!
Missing character: There is no åº in font nullfont!
Missing character: There is no åˆ— in font nullfont!
Missing character: There is no çœ‹ in font nullfont!
Missing character: There is no æˆ in font nullfont!
Missing character: There is no ä¸€ in font nullfont!
Missing character: There is no å€‹ in font nullfont!
Missing character: There is no åœ– in font nullfont!
Missing character: There is no ï¼š in font nullfont!
Missing character: There is no é» in font nullfont!
Missing character: There is no é€£ in font nullfont!
Missing character: There is no åˆ° in font nullfont!
Missing character: There is no ã€‚ in font nullfont!
Missing character: There is no å›  in font nullfont!
Missing character: There is no ç‚º in font nullfont!
Missing character: There is no ï¼Œ in font nullfont!
Missing character: There is no å¯ in font nullfont!
Missing character: There is no ä»¥ in font nullfont!
Missing character: There is no çŸ¥ in font nullfont!
Missing character: There is no é“ in font nullfont!
Missing character: There is no ã€‚ in font nullfont!
Missing character: There is no å‰‡ in font nullfont!
Missing character: There is no é–‹ in font nullfont!
Missing character: There is no å§‹ in font nullfont!
Missing character: There is no æ‰¾ in font nullfont!
Missing character: There is no ç’° in font nullfont!
Missing character: There is no ï¼ˆ in font nullfont!
Missing character: There is no ç”¨ in font nullfont!
Missing character: There is no é¾œ in font nullfont!
Missing character: There is no å…” in font nullfont!
Missing character: There is no è³½ in font nullfont!
Missing character: There is no è·‘ in font nullfont!
Missing character: There is no æ³• in font nullfont!
Missing character: There is no ï¼Œ in font nullfont!
Missing character: There is no é¡ in font nullfont!
Missing character: There is no å¤– in font nullfont!
Missing character: There is no ç©º in font nullfont!
Missing character: There is no é–“ in font nullfont!
Missing character: There is no ï¼‰ in font nullfont!
Missing character: There is no ï¼š in font nullfont!
Missing character: There is no æ‰¾ in font nullfont!
Missing character: There is no åˆ° in font nullfont!
Missing character: There is no äº† in font nullfont!
Missing character: There is no ä¹‹ in font nullfont!
Missing character: There is no å¾Œ in font nullfont!
Missing character: There is no ï¼Œ in font nullfont!
Missing character: There is no ç’° in font nullfont!
Missing character: There is no çš„ in font nullfont!
Missing character: There is no å…¥ in font nullfont!
Missing character: There is no å£ in font nullfont!
Missing character: There is no å°± in font nullfont!
Missing character: There is no æ˜¯ in font nullfont!
Missing character: There is no è§£ in font nullfont!
Missing character: There is no ï¼Œ in font nullfont!
Missing character: There is no å›  in font nullfont!
Missing character: There is no ç‚º in font nullfont!
Missing character: There is no ä¸€ in font nullfont!
Missing character: There is no å®š in font nullfont!
Missing character: There is no ä¸ in font nullfont!
Missing character: There is no åœ¨ in font nullfont!
Missing character: There is no ç’° in font nullfont!
Missing character: There is no å…§ in font nullfont!
Missing character: There is no ï¼Œ in font nullfont!
Missing character: There is no ä¸€ in font nullfont!
Missing character: There is no å®š in font nullfont!
Missing character: There is no æœ‰ in font nullfont!
Missing character: There is no è‡³ in font nullfont!
Missing character: There is no å°‘ in font nullfont!
Missing character: There is no å…© in font nullfont!
Missing character: There is no å€‹ in font nullfont!
Missing character: There is no æŒ‡ in font nullfont!
Missing character: There is no å‘ in font nullfont!
Missing character: There is no ç’° in font nullfont!
Missing character: There is no çš„ in font nullfont!
Missing character: There is no å…¥ in font nullfont!
Missing character: There is no å£ in font nullfont!
Missing character: There is no ï¼š in font nullfont!
Missing character: There is no ç’° in font nullfont!
Missing character: There is no çš„ in font nullfont!
Missing character: There is no æœ€ in font nullfont!
Missing character: There is no å¾Œ in font nullfont!
Missing character: There is no ä¸€ in font nullfont!
Missing character: There is no å“¡ in font nullfont!
Missing character: There is no å’Œ in font nullfont!
Missing character: There is no å‰› in font nullfont!
Missing character: There is no é€² in font nullfont!
Missing character: There is no ç’° in font nullfont!
Missing character: There is no å‰ in font nullfont!
Missing character: There is no çš„ in font nullfont!
Missing character: There is no å…ƒ in font nullfont!
Missing character: There is no ç´  in font nullfont!
Missing character: There is no ã€‚ in font nullfont!
Missing character: There is no è€Œ in font nullfont!
Missing character: There is no ç’° in font nullfont!
Missing character: There is no çš„ in font nullfont!
Missing character: There is no èµ· in font nullfont!
Missing character: There is no é» in font nullfont!
Missing character: There is no å¯ in font nullfont!
Missing character: There is no ä»¥ in font nullfont!
Missing character: There is no åœ¨ in font nullfont!
Missing character: There is no ç©º in font nullfont!
Missing character: There is no é–“ in font nullfont!
Missing character: There is no ï¼ˆ in font nullfont!
Missing character: There is no ä¹Ÿ in font nullfont!
Missing character: There is no æ˜¯ in font nullfont!
Missing character: There is no é›™ in font nullfont!
Missing character: There is no æŒ‡ in font nullfont!
Missing character: There is no æ¨™ in font nullfont!
Missing character: There is no ï¼Œ in font nullfont!
Missing character: There is no ä¸€ in font nullfont!
Missing character: There is no å€‹ in font nullfont!
Missing character: There is no å¾ in font nullfont!
Missing character: There is no é¾œ in font nullfont!
Missing character: There is no é–‹ in font nullfont!
Missing character: There is no å§‹ in font nullfont!
Missing character: There is no è·‘ in font nullfont!
Missing character: There is no ï¼Œ in font nullfont!
Missing character: There is no å¦ in font nullfont!
Missing character: There is no å¤– in font nullfont!
Missing character: There is no ä¸€ in font nullfont!
Missing character: There is no å€‹ in font nullfont!
Missing character: There is no å¾ in font nullfont!
Missing character: There is no é–‹ in font nullfont!
Missing character: There is no å§‹ in font nullfont!
Missing character: There is no è·‘ in font nullfont!
Missing character: There is no ï¼Œ in font nullfont!
Missing character: There is no ä¸€ in font nullfont!
Missing character: There is no æ¬¡ in font nullfont!
Missing character: There is no è·‘ in font nullfont!
Missing character: There is no ä¸€ in font nullfont!
Missing character: There is no å€‹ in font nullfont!
Missing character: There is no ç›´ in font nullfont!
Missing character: There is no åˆ° in font nullfont!
Missing character: There is no æ’ in font nullfont!
Missing character: There is no åˆ° in font nullfont!
Missing character: There is no å°± in font nullfont!
Missing character: There is no æ˜¯ in font nullfont!
Missing character: There is no è§£ in font nullfont!
Missing character: There is no ç­” in font nullfont!
Missing character: There is no ï¼‰ in font nullfont!
Missing character: There is no ï¼Œ in font nullfont!
Missing character: There is no æ™‚ in font nullfont!
Missing character: There is no é–“ in font nullfont!
Missing character: There is no æ‰¾ in font nullfont!
Missing character: There is no åˆ° in font nullfont!
Missing character: There is no ã€‚ in font nullfont!
Missing character: There is no å‰‡ in font nullfont!
Missing character: There is no å† in font nullfont!
Missing character: There is no é€€ in font nullfont!
Missing character: There is no å¾Œ in font nullfont!
Missing character: There is no ä¸€ in font nullfont!
Missing character: There is no æ­¥ in font nullfont!
Missing character: There is no ï¼ˆ in font nullfont!
Missing character: There is no åˆ¤ in font nullfont!
Missing character: There is no æ˜¯ in font nullfont!
Missing character: There is no ä¸ in font nullfont!
Missing character: There is no æ˜¯ in font nullfont!
Missing character: There is no å³ in font nullfont!
Missing character: There is no å°‡ in font nullfont!
Missing character: There is no æ’ in font nullfont!
Missing character: There is no åˆ° in font nullfont!
Missing character: There is no ï¼‰ in font nullfont!
Missing character: There is no è¼¸ in font nullfont!
Missing character: There is no å‡º in font nullfont!
Missing character: There is no å³ in font nullfont!
Missing character: There is no å¯ in font nullfont!
Missing character: There is no ã€‚ in font nullfont!
Missing character: There is no ï¼ˆ in font nullfont!
Missing character: There is no æ™‚ in font nullfont!
Missing character: There is no é–“ in font nullfont!
Missing character: There is no ã€ in font nullfont!
Missing character: There is no é¡ in font nullfont!
Missing character: There is no å¤– in font nullfont!
Missing character: There is no ç©º in font nullfont!
Missing character: There is no é–“ in font nullfont!
Missing character: There is no ã€ in font nullfont!
Missing character: There is no æ²’ in font nullfont!
Missing character: There is no æœ‰ in font nullfont!
Missing character: There is no å‹• in font nullfont!
Missing character: There is no åˆ° in font nullfont!
Missing character: There is no åŸ in font nullfont!
Missing character: There is no æœ¬ in font nullfont!
Missing character: There is no åº in font nullfont!
Missing character: There is no åˆ— in font nullfont!
Missing character: There is no ï¼‰ in font nullfont!
)
! Emergency stop.
<*> content.tex
               
*** (job aborted, no legal \end found)

 
Here is how much of TeX's memory you used:
 8 strings out of 493005
 87 string characters out of 6134588
 62812 words of memory out of 5000000
 4081 multiletter control sequences out of 15000+600000
 3640 words of font info for 14 fonts, out of 8000000 for 9000
 1348 hyphenation exceptions out of 8191
 18i,2n,12p,316b,58s stack positions out of 5000i,500n,10000p,200000b,80000s
No pages of output.
