This is XeTeX, Version 3.14159265-2.6-0.99998 (TeX Live 2017) (preloaded format=xelatex 2018.2.7)  7 JUN 2019 13:14
entering extended mode
 restricted \write18 enabled.
 %&-line parsing enabled.
**content.tex
(./content.tex
LaTeX2e <2017-04-15>
Babel <3.17> and hyphenation patterns for 84 language(s) loaded.
! Undefined control sequence.
<argument> \undefinedpagestyle 
                               
l.8 \thispagestyle{fancy}
                         
The control sequence at the end of the top line
of your error message was never \def'ed. If you have
misspelled it (e.g., `\hobx'), type `I' and the correct
spelling (e.g., `I\hbox'). Otherwise just continue,
and I'll forget about whatever was undefined.


! LaTeX Error: No counter 'section' defined.

See the LaTeX manual or LaTeX Companion for explanation.
Type  H <return>  for immediate help.
 ...                                              
                                                  
l.10 \setcounter{section}{-1}
                             
Your command was ignored.
Type  I <command> <return>  to replace it with another command,
or  <return>  to continue without it.

! Undefined control sequence.
l.11 ^^I\maketitle
                  
The control sequence at the end of the top line
of your error message was never \def'ed. If you have
misspelled it (e.g., `\hobx'), type `I' and the correct
spelling (e.g., `I\hbox'). Otherwise just continue,
and I'll forget about whatever was undefined.

! Undefined control sequence.
l.12 \rhead
           {W11 ÊâãÂØ´ÂäüË™≤}
The control sequence at the end of the top line
of your error message was never \def'ed. If you have
misspelled it (e.g., `\hobx'), type `I' and the correct
spelling (e.g., `I\hbox'). Otherwise just continue,
and I'll forget about whatever was undefined.


! LaTeX Error: Missing \begin{document}.

See the LaTeX manual or LaTeX Companion for explanation.
Type  H <return>  for immediate help.
 ...                                              
                                                  
l.12 \rhead{W
             11 ÊâãÂØ´ÂäüË™≤}
You're in trouble here.  Try typing  <return>  to proceed.
If that doesn't work, type  X <return>  to quit.

Missing character: There is no W in font nullfont!
Missing character: There is no 1 in font nullfont!
Missing character: There is no 1 in font nullfont!
Missing character: There is no Êâã in font nullfont!
Missing character: There is no ÂØ´ in font nullfont!
Missing character: There is no Âäü in font nullfont!
Missing character: There is no Ë™≤ in font nullfont!
! Undefined control sequence.
l.13 \lfoot
           {ÂäâËá≥Ëªí}
The control sequence at the end of the top line
of your error message was never \def'ed. If you have
misspelled it (e.g., `\hobx'), type `I' and the correct
spelling (e.g., `I\hbox'). Otherwise just continue,
and I'll forget about whatever was undefined.

Missing character: There is no Âäâ in font nullfont!
Missing character: There is no Ëá≥ in font nullfont!
Missing character: There is no Ëªí in font nullfont!

Overfull \hbox (24.0pt too wide) in paragraph at lines 12--14
[]
 []

! Undefined control sequence.
l.15 \pr
        {
The control sequence at the end of the top line
of your error message was never \def'ed. If you have
misspelled it (e.g., `\hobx'), type `I' and the correct
spelling (e.g., `I\hbox'). Otherwise just continue,
and I'll forget about whatever was undefined.


! LaTeX Error: There's no line here to end.

See the LaTeX manual or LaTeX Companion for explanation.
Type  H <return>  for immediate help.
 ...                                              
                                                  
l.16 ^^I\\~
           
Your command was ignored.
Type  I <command> <return>  to replace it with another command,
or  <return>  to continue without it.


! LaTeX Error: Missing \begin{document}.

See the LaTeX manual or LaTeX Companion for explanation.
Type  H <return>  for immediate help.
 ...                                              
                                                  
l.16 ^^I\\~
           
You're in trouble here.  Try typing  <return>  to proceed.
If that doesn't work, type  X <return>  to quit.


Overfull \hbox (24.0pt too wide) in paragraph at lines 16--17
[] 
 []

Missing character: There is no ‰ª§ in font nullfont!
Missing character: There is no Âõõ in font nullfont!
Missing character: There is no ÂÄã in font nullfont!
Missing character: There is no Ëä± in font nullfont!
Missing character: There is no Ëâ≤ in font nullfont!
Missing character: There is no Ôºà in font nullfont!
Missing character: There is no Âíå in font nullfont!
Missing character: There is no J in font nullfont!
Missing character: There is no o in font nullfont!
Missing character: There is no k in font nullfont!
Missing character: There is no e in font nullfont!
Missing character: There is no r in font nullfont!
Missing character: There is no Ôºâ in font nullfont!
Missing character: There is no ÂàÜ in font nullfont!
Missing character: There is no Âà• in font nullfont!
Missing character: There is no ÁÇ∫ in font nullfont!
LaTeX Font Info:    External font `cmex10' loaded for size
(Font)              <7> on input line 18.
LaTeX Font Info:    External font `cmex10' loaded for size
(Font)              <5> on input line 18.
Missing character: There is no Ôºå in font nullfont!
Missing character: There is no Ôºå in font nullfont!
Missing character: There is no ‚ãØ in font nullfont!
Missing character: There is no ‚ãØ in font nullfont!
Missing character: There is no „ÄÇ in font nullfont!
Missing character: There is no Ââá in font nullfont!
Missing character: There is no Â∞ç in font nullfont!
Missing character: There is no Êñº in font nullfont!
Missing character: There is no ‰∏Ä in font nullfont!
Missing character: There is no Âºµ in font nullfont!
Missing character: There is no Âç° in font nullfont!
Missing character: There is no Ôºå in font nullfont!
Missing character: There is no Êàë in font nullfont!
Missing character: There is no ÂÄë in font nullfont!
Missing character: There is no ÂÆö in font nullfont!
Missing character: There is no Áæ© in font nullfont!
Missing character: There is no Ëä± in font nullfont!
Missing character: There is no Ëâ≤ in font nullfont!
Missing character: There is no Â∞ç in font nullfont!
Missing character: There is no Êáâ in font nullfont!
Missing character: There is no ÁöÑ in font nullfont!
Missing character: There is no ÂÄº in font nullfont!
Missing character: There is no Âä† in font nullfont!
Missing character: There is no ‰∏ä in font nullfont!
Missing character: There is no ÂÖ∂ in font nullfont!
Missing character: There is no Êï∏ in font nullfont!
Missing character: There is no Â≠ó in font nullfont!
Missing character: There is no Ôºà in font nullfont!
Missing character: There is no Â∞ç in font nullfont!
Missing character: There is no Êñº in font nullfont!
Missing character: There is no J in font nullfont!
Missing character: There is no o in font nullfont!
Missing character: There is no k in font nullfont!
Missing character: There is no e in font nullfont!
Missing character: There is no r in font nullfont!
Missing character: There is no Ôºå in font nullfont!
Missing character: There is no Á¨¨ in font nullfont!
Missing character: There is no ‰∏Ä in font nullfont!
Missing character: There is no ÂÄã in font nullfont!
Missing character: There is no ÊòØ in font nullfont!
Missing character: There is no Ôºå in font nullfont!
Missing character: There is no Á¨¨ in font nullfont!
Missing character: There is no ‰∫å in font nullfont!
Missing character: There is no ÂÄã in font nullfont!
Missing character: There is no ÊòØ in font nullfont!
Missing character: There is no Ôºâ in font nullfont!
Missing character: There is no „ÄÇ in font nullfont!

Overfull \hbox (101.1136pt too wide) in paragraph at lines 18--20
\OT1/cmr/m/n/10 1$$10$$100$$10000$$\OML/cmm/m/it/10 c$$H\OT1/cmr/m/n/10 (\OML/c
mm/m/it/10 c\OT1/cmr/m/n/10 ) =$$1$$2$ 
 []

Missing character: There is no ÈÇÑ in font nullfont!
Missing character: There is no ÊòØ in font nullfont!
Missing character: There is no Áî® in font nullfont!
Missing character: There is no Á®ã in font nullfont!
Missing character: There is no Âºè in font nullfont!
Missing character: There is no ÊØî in font nullfont!
Missing character: There is no ËºÉ in font nullfont!
Missing character: There is no Ê∏Ö in font nullfont!
Missing character: There is no Ê•ö in font nullfont!
Missing character: There is no . in font nullfont!
Missing character: There is no . in font nullfont!
Missing character: There is no . in font nullfont!
! Undefined control sequence.
l.20 ^^I^^IÈÇÑÊòØÁî®Á®ãÂºèÊØîËºÉÊ∏ÖÊ•ö... \inline
                                                 {n}ÁÇ∫ÁõÆÂâçÁöÑÊ†πÁØÄÈªûÔºå...
The control sequence at the end of the top line
of your error message was never \def'ed. If you have
misspelled it (e.g., `\hobx'), type `I' and the correct
spelling (e.g., `I\hbox'). Otherwise just continue,
and I'll forget about whatever was undefined.

Missing character: There is no n in font nullfont!
Missing character: There is no ÁÇ∫ in font nullfont!
Missing character: There is no ÁõÆ in font nullfont!
Missing character: There is no Ââç in font nullfont!
Missing character: There is no ÁöÑ in font nullfont!
Missing character: There is no Ê†π in font nullfont!
Missing character: There is no ÁØÄ in font nullfont!
Missing character: There is no Èªû in font nullfont!
Missing character: There is no Ôºå in font nullfont!
Missing character: There is no ËÄå in font nullfont!
! Undefined control sequence.
l.20 ...nline{n}ÁÇ∫ÁõÆÂâçÁöÑÊ†πÁØÄÈªûÔºåËÄå\inline
                                                  {n->l}„ÄÅ\inline{n->r}ÁÇ∫Ê...
The control sequence at the end of the top line
of your error message was never \def'ed. If you have
misspelled it (e.g., `\hobx'), type `I' and the correct
spelling (e.g., `I\hbox'). Otherwise just continue,
and I'll forget about whatever was undefined.

Missing character: There is no n in font nullfont!
Missing character: There is no - in font nullfont!
Missing character: There is no > in font nullfont!
Missing character: There is no l in font nullfont!
Missing character: There is no „ÄÅ in font nullfont!
! Undefined control sequence.
l.20 ...çÁöÑÊ†πÁØÄÈªûÔºåËÄå\inline{n->l}„ÄÅ\inline
                                                  {n->r}ÁÇ∫ÊåáÂêëÂÖ∂Â∑¶Âè≥Â≠...
The control sequence at the end of the top line
of your error message was never \def'ed. If you have
misspelled it (e.g., `\hobx'), type `I' and the correct
spelling (e.g., `I\hbox'). Otherwise just continue,
and I'll forget about whatever was undefined.

Missing character: There is no n in font nullfont!
Missing character: There is no - in font nullfont!
Missing character: There is no > in font nullfont!
Missing character: There is no r in font nullfont!
Missing character: There is no ÁÇ∫ in font nullfont!
Missing character: There is no Êåá in font nullfont!
Missing character: There is no Âêë in font nullfont!
Missing character: There is no ÂÖ∂ in font nullfont!
Missing character: There is no Â∑¶ in font nullfont!
Missing character: There is no Âè≥ in font nullfont!
Missing character: There is no Â≠ê in font nullfont!
Missing character: There is no Ê®π in font nullfont!
Missing character: There is no ÁöÑ in font nullfont!
Missing character: There is no Êåá in font nullfont!
Missing character: There is no Ê®ô in font nullfont!
Missing character: There is no „ÄÇ in font nullfont!

! LaTeX Error: Environment C++ undefined.

See the LaTeX manual or LaTeX Companion for explanation.
Type  H <return>  for immediate help.
 ...                                              
                                                  
l.21 ^^I^^I\begin{C++}
                      
Your command was ignored.
Type  I <command> <return>  to replace it with another command,
or  <return>  to continue without it.

Missing character: There is no s in font nullfont!
Missing character: There is no t in font nullfont!
Missing character: There is no r in font nullfont!
Missing character: There is no i in font nullfont!
Missing character: There is no n in font nullfont!
Missing character: There is no g in font nullfont!
Missing character: There is no g in font nullfont!
Missing character: There is no e in font nullfont!
Missing character: There is no t in font nullfont!
Missing character: There is no H in font nullfont!
Missing character: There is no a in font nullfont!
Missing character: There is no s in font nullfont!
Missing character: There is no h in font nullfont!
Missing character: There is no ( in font nullfont!
Missing character: There is no N in font nullfont!
Missing character: There is no o in font nullfont!
Missing character: There is no d in font nullfont!
Missing character: There is no e in font nullfont!
Missing character: There is no n in font nullfont!
Missing character: There is no ) in font nullfont!
Missing character: There is no i in font nullfont!
Missing character: There is no f in font nullfont!
Missing character: There is no ( in font nullfont!
Missing character: There is no ! in font nullfont!
Missing character: There is no n in font nullfont!
Missing character: There is no ) in font nullfont!
Missing character: There is no r in font nullfont!
Missing character: There is no e in font nullfont!
Missing character: There is no t in font nullfont!
Missing character: There is no u in font nullfont!
Missing character: There is no r in font nullfont!
Missing character: There is no n in font nullfont!
Missing character: There is no " in font nullfont!
Missing character: There is no 0 in font nullfont!
Missing character: There is no " in font nullfont!
Missing character: There is no ; in font nullfont!
Missing character: There is no i in font nullfont!
Missing character: There is no f in font nullfont!
Missing character: There is no ( in font nullfont!
Missing character: There is no n in font nullfont!
Missing character: There is no - in font nullfont!
Missing character: There is no > in font nullfont!
Missing character: There is no l in font nullfont!
! Misplaced alignment tab character &.
l.24 ^^Iif(n->l &
                 & n->r){
I can't figure out why you would want to use a tab mark
here. If you just want an ampersand, the remedy is
simple: Just type `I\&' now. But if some right brace
up above has ended a previous alignment prematurely,
you're probably due for more error messages, and you
might try typing `S' now just to see what is salvageable.

! Misplaced alignment tab character &.
l.24 ^^Iif(n->l &&
                   n->r){
I can't figure out why you would want to use a tab mark
here. If you just want an ampersand, the remedy is
simple: Just type `I\&' now. But if some right brace
up above has ended a previous alignment prematurely,
you're probably due for more error messages, and you
might try typing `S' now just to see what is salvageable.

Missing character: There is no n in font nullfont!
Missing character: There is no - in font nullfont!
Missing character: There is no > in font nullfont!
Missing character: There is no r in font nullfont!
Missing character: There is no ) in font nullfont!
Missing character: There is no r in font nullfont!
Missing character: There is no e in font nullfont!
Missing character: There is no t in font nullfont!
Missing character: There is no u in font nullfont!
Missing character: There is no r in font nullfont!
Missing character: There is no n in font nullfont!
Missing character: There is no " in font nullfont!
Missing character: There is no 4 in font nullfont!
Missing character: There is no " in font nullfont!
Missing character: There is no + in font nullfont!
Missing character: There is no g in font nullfont!
Missing character: There is no e in font nullfont!
Missing character: There is no t in font nullfont!
Missing character: There is no H in font nullfont!
Missing character: There is no a in font nullfont!
Missing character: There is no s in font nullfont!
Missing character: There is no h in font nullfont!
Missing character: There is no ( in font nullfont!
Missing character: There is no n in font nullfont!
Missing character: There is no - in font nullfont!
Missing character: There is no > in font nullfont!
Missing character: There is no l in font nullfont!
Missing character: There is no ) in font nullfont!
Missing character: There is no + in font nullfont!
Missing character: There is no g in font nullfont!
Missing character: There is no e in font nullfont!
Missing character: There is no t in font nullfont!
Missing character: There is no H in font nullfont!
Missing character: There is no a in font nullfont!
Missing character: There is no s in font nullfont!
Missing character: There is no h in font nullfont!
Missing character: There is no ( in font nullfont!
Missing character: There is no n in font nullfont!
Missing character: There is no - in font nullfont!
Missing character: There is no > in font nullfont!
Missing character: There is no r in font nullfont!
Missing character: There is no ) in font nullfont!
Missing character: There is no ; in font nullfont!
Missing character: There is no e in font nullfont!
Missing character: There is no l in font nullfont!
Missing character: There is no s in font nullfont!
Missing character: There is no e in font nullfont!
Missing character: There is no i in font nullfont!
Missing character: There is no f in font nullfont!
Missing character: There is no ( in font nullfont!
Missing character: There is no n in font nullfont!
Missing character: There is no - in font nullfont!
Missing character: There is no > in font nullfont!
Missing character: There is no l in font nullfont!
Missing character: There is no ) in font nullfont!
Missing character: There is no r in font nullfont!
Missing character: There is no e in font nullfont!
Missing character: There is no t in font nullfont!
Missing character: There is no u in font nullfont!
Missing character: There is no r in font nullfont!
Missing character: There is no n in font nullfont!
Missing character: There is no " in font nullfont!
Missing character: There is no 3 in font nullfont!
Missing character: There is no " in font nullfont!
Missing character: There is no + in font nullfont!
Missing character: There is no g in font nullfont!
Missing character: There is no e in font nullfont!
Missing character: There is no t in font nullfont!
Missing character: There is no H in font nullfont!
Missing character: There is no a in font nullfont!
Missing character: There is no s in font nullfont!
Missing character: There is no h in font nullfont!
Missing character: There is no ( in font nullfont!
Missing character: There is no n in font nullfont!
Missing character: There is no - in font nullfont!
Missing character: There is no > in font nullfont!
Missing character: There is no l in font nullfont!
Missing character: There is no ) in font nullfont!
Missing character: There is no ; in font nullfont!
Missing character: There is no e in font nullfont!
Missing character: There is no l in font nullfont!
Missing character: There is no s in font nullfont!
Missing character: There is no e in font nullfont!
Missing character: There is no i in font nullfont!
Missing character: There is no f in font nullfont!
Missing character: There is no ( in font nullfont!
Missing character: There is no n in font nullfont!
Missing character: There is no - in font nullfont!
Missing character: There is no > in font nullfont!
Missing character: There is no r in font nullfont!
Missing character: There is no ) in font nullfont!
Missing character: There is no r in font nullfont!
Missing character: There is no e in font nullfont!
Missing character: There is no t in font nullfont!
Missing character: There is no u in font nullfont!
Missing character: There is no r in font nullfont!
Missing character: There is no n in font nullfont!
Missing character: There is no " in font nullfont!
Missing character: There is no 2 in font nullfont!
Missing character: There is no " in font nullfont!
Missing character: There is no + in font nullfont!
Missing character: There is no g in font nullfont!
Missing character: There is no e in font nullfont!
Missing character: There is no t in font nullfont!
Missing character: There is no H in font nullfont!
Missing character: There is no a in font nullfont!
Missing character: There is no s in font nullfont!
Missing character: There is no h in font nullfont!
Missing character: There is no ( in font nullfont!
Missing character: There is no n in font nullfont!
Missing character: There is no - in font nullfont!
Missing character: There is no > in font nullfont!
Missing character: There is no r in font nullfont!
Missing character: There is no ) in font nullfont!
Missing character: There is no ; in font nullfont!
Missing character: There is no e in font nullfont!
Missing character: There is no l in font nullfont!
Missing character: There is no s in font nullfont!
Missing character: There is no e in font nullfont!
Missing character: There is no r in font nullfont!
Missing character: There is no e in font nullfont!
Missing character: There is no t in font nullfont!
Missing character: There is no u in font nullfont!
Missing character: There is no r in font nullfont!
Missing character: There is no n in font nullfont!
Missing character: There is no " in font nullfont!
Missing character: There is no 1 in font nullfont!
Missing character: There is no " in font nullfont!
Missing character: There is no ; in font nullfont!

! LaTeX Error: \begin{enumerate} on input line 17 ended by \end{C++}.

See the LaTeX manual or LaTeX Companion for explanation.
Type  H <return>  for immediate help.
 ...                                              
                                                  
l.34 ^^I^^I\end{C++}
                    
Your command was ignored.
Type  I <command> <return>  to replace it with another command,
or  <return>  to continue without it.

! Missing } inserted.
<inserted text> 
                }
l.34 ^^I^^I\end{C++}
                    
I've inserted something that you may have forgotten.
(See the <inserted text> above.)
With luck, this will get me unwedged. But if you
really didn't forget anything, try typing `2' now; then
my insertion and my current dilemma will both disappear.

Missing character: There is no Ââá in font nullfont!
Missing character: There is no È°å in font nullfont!
Missing character: There is no ÁõÆ in font nullfont!
Missing character: There is no ‰∏≠ in font nullfont!
Missing character: There is no ÁöÑ in font nullfont!
Missing character: There is no ‰∫å in font nullfont!
Missing character: There is no ÂÖÉ in font nullfont!
Missing character: There is no Ê®π in font nullfont!
Missing character: There is no ÁöÑ in font nullfont!
Missing character: There is no Èõú in font nullfont!
Missing character: There is no Êπä in font nullfont!
Missing character: There is no ÂÄº in font nullfont!
Missing character: There is no ÂàÜ in font nullfont!
Missing character: There is no Âà• in font nullfont!
Missing character: There is no ÁÇ∫ in font nullfont!
Missing character: There is no Ôºö in font nullfont!
Missing character: There is no „ÄÇ in font nullfont!

Overfull \hbox (62.77779pt too wide) in paragraph at lines 20--36
\OT1/cmr/m/n/10 0\OML/cmm/m/it/10 ; \OT1/cmr/m/n/10 1\OML/cmm/m/it/10 ; \OT1/cm
r/m/n/10 31\OML/cmm/m/it/10 ; \OT1/cmr/m/n/10 21\OML/cmm/m/it/10 ; \OT1/cmr/m/n
/10 411$ 
 []

! Undefined control sequence.
l.38 \pr
        {
The control sequence at the end of the top line
of your error message was never \def'ed. If you have
misspelled it (e.g., `\hobx'), type `I' and the correct
spelling (e.g., `I\hbox'). Otherwise just continue,
and I'll forget about whatever was undefined.


! LaTeX Error: There's no line here to end.

See the LaTeX manual or LaTeX Companion for explanation.
Type  H <return>  for immediate help.
 ...                                              
                                                  
l.39 ^^I\\~
           
Your command was ignored.
Type  I <command> <return>  to replace it with another command,
or  <return>  to continue without it.


! LaTeX Error: Missing \begin{document}.

See the LaTeX manual or LaTeX Companion for explanation.
Type  H <return>  for immediate help.
 ...                                              
                                                  
l.39 ^^I\\~
           
You're in trouble here.  Try typing  <return>  to proceed.
If that doesn't work, type  X <return>  to quit.


Overfull \hbox (24.0pt too wide) in paragraph at lines 39--40
[] 
 []

Missing character: There is no Â∞ç in font nullfont!
Missing character: There is no Êñº in font nullfont!
Missing character: There is no ÊØè in font nullfont!
Missing character: There is no ‰∏Ä in font nullfont!
Missing character: There is no ÂÄã in font nullfont!
Missing character: There is no Â≠ó in font nullfont!
Missing character: There is no ‰∏≤ in font nullfont!
Missing character: There is no Ôºå in font nullfont!
Missing character: There is no ÈÉΩ in font nullfont!
Missing character: There is no ÂøÖ in font nullfont!
Missing character: There is no È†à in font nullfont!
Missing character: There is no Ë¶Å in font nullfont!
Missing character: There is no Êúâ in font nullfont!
Missing character: There is no ‰∏ç in font nullfont!
Missing character: There is no Âêå in font nullfont!
Missing character: There is no ÁöÑ in font nullfont!
Missing character: There is no Èõú in font nullfont!
Missing character: There is no Êπä in font nullfont!
Missing character: There is no ÂÄº in font nullfont!
Missing character: There is no Ôºå in font nullfont!
Missing character: There is no ‰πü in font nullfont!
Missing character: There is no Â∞± in font nullfont!
Missing character: There is no ÊòØ in font nullfont!
Missing character: There is no ÈúÄ in font nullfont!
Missing character: There is no Ë¶Å in font nullfont!
Missing character: There is no Êï∏ in font nullfont!
Missing character: There is no Êúâ in font nullfont!
Missing character: There is no Âπæ in font nullfont!
Missing character: There is no ÂÄã in font nullfont!
Missing character: There is no Áõ∏ in font nullfont!
Missing character: There is no Áï∞ in font nullfont!
Missing character: There is no Â≠ó in font nullfont!
Missing character: There is no ‰∏≤ in font nullfont!
Missing character: There is no „ÄÇ in font nullfont!
Missing character: There is no Á≠î in font nullfont!
Missing character: There is no Ê°à in font nullfont!
Missing character: There is no Ôºö in font nullfont!

Overfull \hbox (29.44041pt too wide) detected at line 42
[] \OT1/cmr/m/n/10 26[]
 []

Missing character: There is no ÂÄã in font nullfont!
Missing character: There is no ‰∏ç in font nullfont!
Missing character: There is no Âêå in font nullfont!
Missing character: There is no ÁöÑ in font nullfont!
Missing character: There is no ÂÄº in font nullfont!
Missing character: There is no „ÄÇ in font nullfont!
Missing character: There is no Ê≤í in font nullfont!
Missing character: There is no Ëæ¶ in font nullfont!
Missing character: There is no Ê≥ï in font nullfont!
Missing character: There is no Ôºå in font nullfont!
Missing character: There is no Âõ† in font nullfont!
Missing character: There is no ÁÇ∫ in font nullfont!
Missing character: There is no ÂèØ in font nullfont!
Missing character: There is no ËÉΩ in font nullfont!
Missing character: There is no ÈÇÑ in font nullfont!
Missing character: There is no ÈúÄ in font nullfont!
Missing character: There is no Ë¶Å in font nullfont!
Missing character: There is no ‰∏ç in font nullfont!
Missing character: There is no Áü• in font nullfont!
Missing character: There is no ÈÅì in font nullfont!
Missing character: There is no ÁöÑ in font nullfont!
Missing character: There is no Ë≥á in font nullfont!
Missing character: There is no Ë®ä in font nullfont!
Missing character: There is no Ôºå in font nullfont!
Missing character: There is no Ë≠¨ in font nullfont!
Missing character: There is no Â¶Ç in font nullfont!
Missing character: There is no ‰∏Ä in font nullfont!
Missing character: There is no ÂÄã in font nullfont!
Missing character: There is no K in font nullfont!
Missing character: There is no e in font nullfont!
Missing character: There is no y in font nullfont!
Missing character: There is no Á≠â in font nullfont!
Missing character: There is no Ôºå in font nullfont!
Missing character: There is no ‰æã in font nullfont!
Missing character: There is no Â≠ê in font nullfont!
Missing character: There is no Ôºö in font nullfont!
Missing character: There is no V in font nullfont!
Missing character: There is no i in font nullfont!
Missing character: There is no g in font nullfont!
Missing character: There is no i in font nullfont!
Missing character: There is no n in font nullfont!
Missing character: There is no e in font nullfont!
Missing character: There is no r in font nullfont!
Missing character: There is no e in font nullfont!
Missing character: There is no C in font nullfont!
Missing character: There is no i in font nullfont!
Missing character: There is no p in font nullfont!
Missing character: There is no h in font nullfont!
Missing character: There is no e in font nullfont!
Missing character: There is no r in font nullfont!
Missing character: There is no ‰∏≠ in font nullfont!
Missing character: There is no ÁöÑ in font nullfont!
Missing character: There is no K in font nullfont!
Missing character: There is no e in font nullfont!
Missing character: There is no y in font nullfont!
Missing character: There is no ÊòØ in font nullfont!
Missing character: There is no Ëß£ in font nullfont!
Missing character: There is no Á¢º in font nullfont!
Missing character: There is no ÁöÑ in font nullfont!
Missing character: There is no ÂøÖ in font nullfont!
Missing character: There is no Ë¶Å in font nullfont!
Missing character: There is no Ê¢ù in font nullfont!
Missing character: There is no ‰ª∂ in font nullfont!
Missing character: There is no Ôºå in font nullfont!
Missing character: There is no Â¶Ç in font nullfont!
Missing character: There is no Êûú in font nullfont!
Missing character: There is no Ê≤í in font nullfont!
Missing character: There is no Êúâ in font nullfont!
Missing character: There is no ÁöÑ in font nullfont!
Missing character: There is no Ë©± in font nullfont!
Missing character: There is no Âè™ in font nullfont!
Missing character: There is no ËÉΩ in font nullfont!
Missing character: There is no ÊÖ¢ in font nullfont!
Missing character: There is no ÊÖ¢ in font nullfont!
Missing character: There is no Áåú in font nullfont!
Missing character: There is no Ôºå in font nullfont!
Missing character: There is no Èùû in font nullfont!
Missing character: There is no Â∏∏ in font nullfont!
Missing character: There is no Èõ£ in font nullfont!
Missing character: There is no Âõû in font nullfont!
Missing character: There is no Êé® in font nullfont!
Missing character: There is no ÂÖ∂ in font nullfont!
Missing character: There is no ‰ªñ in font nullfont!
Missing character: There is no ÁöÑ in font nullfont!
Missing character: There is no ÂØÜ in font nullfont!
Missing character: There is no Êñá in font nullfont!
Missing character: There is no „ÄÇ in font nullfont!
Missing character: There is no ‰ª§ in font nullfont!
Missing character: There is no Á¨¨ in font nullfont!
Missing character: There is no ÂÄã in font nullfont!
Missing character: There is no Ëº∏ in font nullfont!
Missing character: There is no ÂÖ• in font nullfont!
Missing character: There is no ÁÇ∫ in font nullfont!
Missing character: There is no Ôºå in font nullfont!
Missing character: There is no Ââá in font nullfont!
Missing character: There is no ÂÖ® in font nullfont!
Missing character: There is no ÈÉ® in font nullfont!
Missing character: There is no ÈÉΩ in font nullfont!
Missing character: There is no ÊúÉ in font nullfont!
Missing character: There is no Ë∑ë in font nullfont!
Missing character: There is no ÈÄ≤ in font nullfont!
Missing character: There is no Âéª in font nullfont!
Missing character: There is no È§ò in font nullfont!
Missing character: There is no Êï∏ in font nullfont!
Missing character: There is no ÁÇ∫ in font nullfont!
Missing character: There is no Èõ∂ in font nullfont!
Missing character: There is no ÁöÑ in font nullfont!
Missing character: There is no B in font nullfont!
Missing character: There is no u in font nullfont!
Missing character: There is no c in font nullfont!
Missing character: There is no k in font nullfont!
Missing character: There is no e in font nullfont!
Missing character: There is no t in font nullfont!
Missing character: There is no Ë£° in font nullfont!
Missing character: There is no Èù¢ in font nullfont!
Missing character: There is no Ôºå in font nullfont!
Missing character: There is no Âà∞ in font nullfont!
Missing character: There is no ÊúÄ in font nullfont!
Missing character: There is no Âæå in font nullfont!
Missing character: There is no Êü• in font nullfont!
Missing character: There is no Ë©¢ in font nullfont!
Missing character: There is no ÊúÉ in font nullfont!
Missing character: There is no ËÆä in font nullfont!
Missing character: There is no Êàê in font nullfont!
Missing character: There is no „ÄÇ in font nullfont!

Overfull \hbox (22.61581pt too wide) in paragraph at lines 45--46
\OML/cmm/m/it/10 i$$a[] \OT1/cmr/m/n/10 =
 []


Overfull \hbox (6.22292pt too wide) in paragraph at lines 45--46
\OML/cmm/m/it/10 i \OMS/cmsy/m/n/10 ^^A
 []


Overfull \hbox (74.80847pt too wide) in paragraph at lines 45--46
\OT1/cmr/m/n/10 1000000007$$\OML/cmm/m/it/10 O\OT1/cmr/m/n/10 (\OML/cmm/m/it/10
 N\OT1/cmr/m/n/10 )$ 
 []

! Undefined control sequence.
l.48 \pr
        {
The control sequence at the end of the top line
of your error message was never \def'ed. If you have
misspelled it (e.g., `\hobx'), type `I' and the correct
spelling (e.g., `I\hbox'). Otherwise just continue,
and I'll forget about whatever was undefined.


! LaTeX Error: There's no line here to end.

See the LaTeX manual or LaTeX Companion for explanation.
Type  H <return>  for immediate help.
 ...                                              
                                                  
l.49 ^^I\\~
           
Your command was ignored.
Type  I <command> <return>  to replace it with another command,
or  <return>  to continue without it.


! LaTeX Error: Missing \begin{document}.

See the LaTeX manual or LaTeX Companion for explanation.
Type  H <return>  for immediate help.
 ...                                              
                                                  
l.49 ^^I\\~
           
You're in trouble here.  Try typing  <return>  to proceed.
If that doesn't work, type  X <return>  to quit.


Overfull \hbox (24.0pt too wide) in paragraph at lines 49--50
[] 
 []


! LaTeX Error: Lonely \item--perhaps a missing list environment.

See the LaTeX manual or LaTeX Companion for explanation.
Type  H <return>  for immediate help.
 ...                                              
                                                  
l.50 ^^I\item Á®ã
                 ÂºèÂ¶Ç‰∏ãÔºö
Try typing  <return>  to proceed.
If that doesn't work, type  X <return>  to quit.

Missing character: There is no Á®ã in font nullfont!
Missing character: There is no Âºè in font nullfont!
Missing character: There is no Â¶Ç in font nullfont!
Missing character: There is no ‰∏ã in font nullfont!
Missing character: There is no Ôºö in font nullfont!

! LaTeX Error: Environment C++ undefined.

See the LaTeX manual or LaTeX Companion for explanation.
Type  H <return>  for immediate help.
 ...                                              
                                                  
l.51 ^^I\begin{C++}
                   
Your command was ignored.
Type  I <command> <return>  to replace it with another command,
or  <return>  to continue without it.

Missing character: There is no i in font nullfont!
Missing character: There is no n in font nullfont!
Missing character: There is no t in font nullfont!
Missing character: There is no M in font nullfont!
Missing character: There is no , in font nullfont!
Missing character: There is no C in font nullfont!
Missing character: There is no ; in font nullfont!
Missing character: There is no / in font nullfont!
Missing character: There is no / in font nullfont!
Missing character: There is no g in font nullfont!
Missing character: There is no i in font nullfont!
Missing character: There is no v in font nullfont!
Missing character: There is no e in font nullfont!
Missing character: There is no n in font nullfont!
Missing character: There is no v in font nullfont!
Missing character: There is no a in font nullfont!
Missing character: There is no l in font nullfont!
Missing character: There is no u in font nullfont!
Missing character: There is no e in font nullfont!
Missing character: There is no s in font nullfont!
Missing character: There is no i in font nullfont!
Missing character: There is no n in font nullfont!
Missing character: There is no t in font nullfont!
Missing character: There is no h in font nullfont!
Missing character: There is no a in font nullfont!
Missing character: There is no s in font nullfont!
Missing character: There is no h in font nullfont!
Missing character: There is no ( in font nullfont!
Missing character: There is no s in font nullfont!
Missing character: There is no t in font nullfont!
Missing character: There is no r in font nullfont!
Missing character: There is no i in font nullfont!
Missing character: There is no n in font nullfont!
Missing character: There is no g in font nullfont!
Missing character: There is no s in font nullfont!
Missing character: There is no ) in font nullfont!
Missing character: There is no i in font nullfont!
Missing character: There is no n in font nullfont!
Missing character: There is no t in font nullfont!
Missing character: There is no c in font nullfont!
Missing character: There is no u in font nullfont!
Missing character: There is no r in font nullfont!
Missing character: There is no r in font nullfont!
Missing character: There is no e in font nullfont!
Missing character: There is no n in font nullfont!
Missing character: There is no t in font nullfont!
Missing character: There is no P in font nullfont!
Missing character: There is no o in font nullfont!
Missing character: There is no w in font nullfont!
Missing character: There is no = in font nullfont!
Missing character: There is no 1 in font nullfont!
Missing character: There is no , in font nullfont!
Missing character: There is no r in font nullfont!
Missing character: There is no e in font nullfont!
Missing character: There is no s in font nullfont!
Missing character: There is no = in font nullfont!
Missing character: There is no 0 in font nullfont!
Missing character: There is no ; in font nullfont!
Missing character: There is no r in font nullfont!
Missing character: There is no e in font nullfont!
Missing character: There is no v in font nullfont!
Missing character: There is no e in font nullfont!
Missing character: There is no r in font nullfont!
Missing character: There is no s in font nullfont!
Missing character: There is no e in font nullfont!
Missing character: There is no ( in font nullfont!
Missing character: There is no s in font nullfont!
Missing character: There is no . in font nullfont!
Missing character: There is no l in font nullfont!
Missing character: There is no e in font nullfont!
Missing character: There is no n in font nullfont!
Missing character: There is no g in font nullfont!
Missing character: There is no t in font nullfont!
Missing character: There is no h in font nullfont!
Missing character: There is no ( in font nullfont!
Missing character: There is no ) in font nullfont!
Missing character: There is no , in font nullfont!
Missing character: There is no s in font nullfont!
Missing character: There is no . in font nullfont!
Missing character: There is no e in font nullfont!
Missing character: There is no n in font nullfont!
Missing character: There is no d in font nullfont!
Missing character: There is no ( in font nullfont!
Missing character: There is no ) in font nullfont!
Missing character: There is no ) in font nullfont!
Missing character: There is no ; in font nullfont!
Missing character: There is no f in font nullfont!
Missing character: There is no o in font nullfont!
Missing character: There is no r in font nullfont!
Missing character: There is no ( in font nullfont!
Missing character: There is no c in font nullfont!
Missing character: There is no h in font nullfont!
Missing character: There is no a in font nullfont!
Missing character: There is no r in font nullfont!
Missing character: There is no c in font nullfont!
Missing character: There is no : in font nullfont!
Missing character: There is no s in font nullfont!
Missing character: There is no ) in font nullfont!
Missing character: There is no r in font nullfont!
Missing character: There is no e in font nullfont!
Missing character: There is no s in font nullfont!
Missing character: There is no = in font nullfont!
Missing character: There is no ( in font nullfont!
Missing character: There is no r in font nullfont!
Missing character: There is no e in font nullfont!
Missing character: There is no s in font nullfont!
Missing character: There is no + in font nullfont!
Missing character: There is no ( in font nullfont!
Missing character: There is no c in font nullfont!
Missing character: There is no - in font nullfont!
Missing character: There is no ' in font nullfont!
Missing character: There is no a in font nullfont!
Missing character: There is no ' in font nullfont!
Missing character: There is no ) in font nullfont!
Missing character: There is no * in font nullfont!
Missing character: There is no c in font nullfont!
Missing character: There is no u in font nullfont!
Missing character: There is no r in font nullfont!
Missing character: There is no r in font nullfont!
Missing character: There is no e in font nullfont!
Missing character: There is no n in font nullfont!
Missing character: There is no t in font nullfont!
Missing character: There is no P in font nullfont!
Missing character: There is no o in font nullfont!
Missing character: There is no w in font nullfont!
Missing character: There is no ) in font nullfont!
Missing character: There is no c in font nullfont!
Missing character: There is no u in font nullfont!
Missing character: There is no r in font nullfont!
Missing character: There is no r in font nullfont!
Missing character: There is no e in font nullfont!
Missing character: There is no n in font nullfont!
Missing character: There is no t in font nullfont!
Missing character: There is no P in font nullfont!
Missing character: There is no o in font nullfont!
Missing character: There is no w in font nullfont!
Missing character: There is no = in font nullfont!
Missing character: There is no C in font nullfont!
Missing character: There is no * in font nullfont!
Missing character: There is no c in font nullfont!
Missing character: There is no u in font nullfont!
Missing character: There is no r in font nullfont!
Missing character: There is no r in font nullfont!
Missing character: There is no e in font nullfont!
Missing character: There is no n in font nullfont!
Missing character: There is no t in font nullfont!
Missing character: There is no P in font nullfont!
Missing character: There is no o in font nullfont!
Missing character: There is no w in font nullfont!
Missing character: There is no r in font nullfont!
Missing character: There is no e in font nullfont!
Missing character: There is no t in font nullfont!
Missing character: There is no u in font nullfont!
Missing character: There is no r in font nullfont!
Missing character: There is no n in font nullfont!
Missing character: There is no r in font nullfont!
Missing character: There is no e in font nullfont!
Missing character: There is no s in font nullfont!
Missing character: There is no ; in font nullfont!

! LaTeX Error: \begin{document} ended by \end{C++}.

See the LaTeX manual or LaTeX Companion for explanation.
Type  H <return>  for immediate help.
 ...                                              
                                                  
l.62 ^^I\end{C++}
                 
Your command was ignored.
Type  I <command> <return>  to replace it with another command,
or  <return>  to continue without it.

Missing character: There is no Ê≠§ in font nullfont!
Missing character: There is no Á®ã in font nullfont!
Missing character: There is no Âºè in font nullfont!
Missing character: There is no Â∞ç in font nullfont!
Missing character: There is no Êñº in font nullfont!
Missing character: There is no ÊØè in font nullfont!
Missing character: There is no ‰∏Ä in font nullfont!
Missing character: There is no ÂÄã in font nullfont!
Missing character: There is no Â≠ó in font nullfont!
Missing character: There is no ÂÖÉ in font nullfont!
Missing character: There is no ÈÉΩ in font nullfont!
Missing character: There is no Ë∑ë in font nullfont!
Missing character: There is no ÁöÑ in font nullfont!
Missing character: There is no ÈÅã in font nullfont!
Missing character: There is no ÁÆó in font nullfont!
Missing character: There is no Ôºå in font nullfont!
Missing character: There is no ÊâÄ in font nullfont!
Missing character: There is no ‰ª• in font nullfont!
Missing character: There is no ÊôÇ in font nullfont!
Missing character: There is no Èñì in font nullfont!
Missing character: There is no „ÄÇ in font nullfont!

Overfull \hbox (49.14453pt too wide) in paragraph at lines 50--64
\OML/cmm/m/it/10 O\OT1/cmr/m/n/10 (1)$$\OML/cmm/m/it/10 O\OT1/cmr/m/n/10 (1) \O
MS/cmsy/m/n/10 ^^B
 []


Overfull \hbox (16.55786pt too wide) in paragraph at lines 50--64
\OML/cmm/m/it/10 n \OT1/cmr/m/n/10 =
 []


Overfull \hbox (21.6857pt too wide) in paragraph at lines 50--64
\OML/cmm/m/it/10 O\OT1/cmr/m/n/10 (\OML/cmm/m/it/10 n\OT1/cmr/m/n/10 )$ 
 []


! LaTeX Error: Lonely \item--perhaps a missing list environment.

See the LaTeX manual or LaTeX Companion for explanation.
Type  H <return>  for immediate help.
 ...                                              
                                                  
l.64 ^^I\item $
               s_1 = a$„ÄÅ$s_2 = aa$„ÄÅ$s_3 = aaa$ÔºåÊ≠§Ëôï$H(s_1) = H(s_2) ...

Try typing  <return>  to proceed.
If that doesn't work, type  X <return>  to quit.

Missing character: There is no „ÄÅ in font nullfont!
Missing character: There is no „ÄÅ in font nullfont!
Missing character: There is no Ôºå in font nullfont!
Missing character: There is no Ê≠§ in font nullfont!
Missing character: There is no Ëôï in font nullfont!
Missing character: There is no „ÄÇ in font nullfont!

Overfull \hbox (19.72914pt too wide) in paragraph at lines 64--65
\OML/cmm/m/it/10 s[] \OT1/cmr/m/n/10 =
 []


Overfull \hbox (25.01503pt too wide) in paragraph at lines 64--65
\OML/cmm/m/it/10 a$$s[] \OT1/cmr/m/n/10 =
 []


Overfull \hbox (30.30092pt too wide) in paragraph at lines 64--65
\OML/cmm/m/it/10 aa$$s[] \OT1/cmr/m/n/10 =
 []


Overfull \hbox (52.48958pt too wide) in paragraph at lines 64--65
\OML/cmm/m/it/10 aaa$$H\OT1/cmr/m/n/10 (\OML/cmm/m/it/10 s[]\OT1/cmr/m/n/10 ) =

 []


Overfull \hbox (36.63191pt too wide) in paragraph at lines 64--65
\OML/cmm/m/it/10 H\OT1/cmr/m/n/10 (\OML/cmm/m/it/10 s[]\OT1/cmr/m/n/10 ) =
 []


Overfull \hbox (36.63191pt too wide) in paragraph at lines 64--65
\OML/cmm/m/it/10 H\OT1/cmr/m/n/10 (\OML/cmm/m/it/10 s[]\OT1/cmr/m/n/10 ) =
 []


Overfull \hbox (5.00002pt too wide) in paragraph at lines 64--65
\OT1/cmr/m/n/10 0$ 
 []


! LaTeX Error: Lonely \item--perhaps a missing list environment.

See the LaTeX manual or LaTeX Companion for explanation.
Type  H <return>  for immediate help.
 ...                                              
                                                  
l.65 ^^I\item $
               $y = C \times (x - s_l \cdot C^{k - 1}) + s_{r + 1} $$
Try typing  <return>  to proceed.
If that doesn't work, type  X <return>  to quit.


Overfull \hbox (116.07813pt too wide) detected at line 65
\OML/cmm/m/it/10 y \OT1/cmr/m/n/10 = \OML/cmm/m/it/10 C \OMS/cmsy/m/n/10 ^^B \O
T1/cmr/m/n/10 (\OML/cmm/m/it/10 x \OMS/cmsy/m/n/10 ^^@ \OML/cmm/m/it/10 s[] \OM
S/cmsy/m/n/10 ^^A \OML/cmm/m/it/10 C[]\OT1/cmr/m/n/10 ) + \OML/cmm/m/it/10 s[]
 []

)
! Emergency stop.
<*> content.tex
               
*** (job aborted, no legal \end found)

 
Here is how much of TeX's memory you used:
 12 strings out of 493005
 112 string characters out of 6134588
 63812 words of memory out of 5000000
 4085 multiletter control sequences out of 15000+600000
 3640 words of font info for 14 fonts, out of 8000000 for 9000
 1348 hyphenation exceptions out of 8191
 18i,1n,12p,138b,120s stack positions out of 5000i,500n,10000p,200000b,80000s
No pages of output.
